Unity Editor version:    2021.3.9f1 (ad3870b89536)
Branch:                  2021.3/staging
Build type:              Release
Batch mode:              YES
macOS version:           Version 13.3 (Build 22E252)
Darwin version:          22.4.0
Architecture:            arm64
Running under Rosetta:   NO
Available memory:        8192 MB
Using pre-set license
Pro License: YES

COMMAND LINE ARGUMENTS:
/Applications/Unity/Hub/Editor/2021.3.9f1/Unity.app/Contents/MacOS/Unity
-adb2
-batchMode
-noUpm
-name
AssetImportWorker5
-projectPath
/Users/muhammadalisafdar/Documents/M.A.S/GitHub/elgato777/elgato777
-logFile
Logs/AssetImportWorker5.log
-srvPort
54588
Successfully changed project path to: /Users/muhammadalisafdar/Documents/M.A.S/GitHub/elgato777/elgato777
/Users/muhammadalisafdar/Documents/M.A.S/GitHub/elgato777/elgato777
[UnityMemory] Configuration Parameters - Can be set up in boot.config
    "memorysetup-bucket-allocator-granularity=16"
    "memorysetup-bucket-allocator-bucket-count=8"
    "memorysetup-bucket-allocator-block-size=33554432"
    "memorysetup-bucket-allocator-block-count=8"
    "memorysetup-main-allocator-block-size=16777216"
    "memorysetup-thread-allocator-block-size=16777216"
    "memorysetup-gfx-main-allocator-block-size=16777216"
    "memorysetup-gfx-thread-allocator-block-size=16777216"
    "memorysetup-cache-allocator-block-size=4194304"
    "memorysetup-typetree-allocator-block-size=2097152"
    "memorysetup-profiler-bucket-allocator-granularity=16"
    "memorysetup-profiler-bucket-allocator-bucket-count=8"
    "memorysetup-profiler-bucket-allocator-block-size=33554432"
    "memorysetup-profiler-bucket-allocator-block-count=8"
    "memorysetup-profiler-allocator-block-size=16777216"
    "memorysetup-profiler-editor-allocator-block-size=1048576"
    "memorysetup-temp-allocator-size-main=16777216"
    "memorysetup-job-temp-allocator-block-size=2097152"
    "memorysetup-job-temp-allocator-block-size-background=1048576"
    "memorysetup-job-temp-allocator-reduction-small-platforms=262144"
    "memorysetup-temp-allocator-size-background-worker=32768"
    "memorysetup-temp-allocator-size-job-worker=262144"
    "memorysetup-temp-allocator-size-preload-manager=33554432"
    "memorysetup-temp-allocator-size-nav-mesh-worker=65536"
    "memorysetup-temp-allocator-size-audio-worker=65536"
    "memorysetup-temp-allocator-size-cloud-worker=32768"
    "memorysetup-temp-allocator-size-gi-baking-worker=262144"
    "memorysetup-temp-allocator-size-gfx=262144"
Refreshing native plugins compatible for Editor in 98.52 ms, found 2 plugins.
Preloading 0 native plugins for Editor in 0.00 ms.
Initialize engine version: 2021.3.9f1 (ad3870b89536)
[Subsystems] Discovering subsystems at path /Applications/Unity/Hub/Editor/2021.3.9f1/Unity.app/Contents/Resources/UnitySubsystems
[Subsystems] Discovering subsystems at path /Users/muhammadalisafdar/Documents/M.A.S/GitHub/elgato777/elgato777/Assets
GfxDevice: creating device client; threaded=0; jobified=0
 preferred device: Apple M1 (high power)
Metal devices available: 1
0: Apple M1 (high power)
Forcing user selected device: Apple M1 (high power)
Initializing Metal device caps: Apple M1
Initialize mono
Mono path[0] = '/Applications/Unity/Hub/Editor/2021.3.9f1/Unity.app/Contents/Managed'
Mono path[1] = '/Applications/Unity/Hub/Editor/2021.3.9f1/Unity.app/Contents/MonoBleedingEdge/lib/mono/unityjit-macos'
Mono config path = '/Applications/Unity/Hub/Editor/2021.3.9f1/Unity.app/Contents/MonoBleedingEdge/etc'
Using monoOptions --debugger-agent=transport=dt_socket,embedding=1,server=y,suspend=n,address=127.0.0.1:56906
Begin MonoManager ReloadAssembly
Registering precompiled unity dll's ...
Register platform support module: /Applications/Unity/Hub/Editor/2021.3.9f1/Unity.app/Contents/PlaybackEngines/MacStandaloneSupport/UnityEditor.OSXStandalone.Extensions.dll
Registered in 0.000441 seconds.
Native extension for OSXStandalone target not found
Refreshing native plugins compatible for Editor in 96.94 ms, found 2 plugins.
Preloading 0 native plugins for Editor in 0.00 ms.
Mono: successfully reloaded assembly
- Completed reload, in  0.549 seconds
Domain Reload Profiling:
	ReloadAssembly (549ms)
		BeginReloadAssembly (55ms)
			ExecutionOrderSort (0ms)
			DisableScriptedObjects (0ms)
			BackupInstance (0ms)
			ReleaseScriptingObjects (0ms)
			CreateAndSetChildDomain (0ms)
		EndReloadAssembly (414ms)
			LoadAssemblies (54ms)
			RebuildTransferFunctionScriptingTraits (0ms)
			SetupTypeCache (87ms)
			ReleaseScriptCaches (0ms)
			RebuildScriptCaches (22ms)
			SetupLoadedEditorAssemblies (264ms)
				LogAssemblyErrors (0ms)
				InitializePlatformSupportModulesInManaged (8ms)
				SetLoadedEditorAssemblies (0ms)
				RefreshPlugins (97ms)
				BeforeProcessingInitializeOnLoad (1ms)
				ProcessInitializeOnLoadAttributes (122ms)
				ProcessInitializeOnLoadMethodAttributes (36ms)
				AfterProcessingInitializeOnLoad (0ms)
				EditorAssembliesLoaded (0ms)
			ExecutionOrderSort2 (0ms)
			AwakeInstancesAfterBackupRestoration (0ms)
Platform modules already initialized, skipping
Registering precompiled user dll's ...
Registered in 0.001837 seconds.
Begin MonoManager ReloadAssembly
Symbol file LoadedFromMemory doesn't match image /Users/muhammadalisafdar/Documents/M.A.S/GitHub/elgato777/elgato777/Library/PackageCache/com.unity.visualscripting@1.7.8/Editor/VisualScripting.Core/Dependencies/YamlDotNet/Unity.VisualScripting.YamlDotNet.dll
Symbol file LoadedFromMemory doesn't match image /Users/muhammadalisafdar/Documents/M.A.S/GitHub/elgato777/elgato777/Library/PackageCache/com.unity.visualscripting@1.7.8/Editor/VisualScripting.Core/Dependencies/DotNetZip/Unity.VisualScripting.IonicZip.dll
Native extension for OSXStandalone target not found
Refreshing native plugins compatible for Editor in 0.80 ms, found 2 plugins.
Preloading 0 native plugins for Editor in 0.00 ms.
Mono: successfully reloaded assembly
- Completed reload, in  1.039 seconds
Domain Reload Profiling:
	ReloadAssembly (1039ms)
		BeginReloadAssembly (121ms)
			ExecutionOrderSort (0ms)
			DisableScriptedObjects (10ms)
			BackupInstance (0ms)
			ReleaseScriptingObjects (0ms)
			CreateAndSetChildDomain (40ms)
		EndReloadAssembly (815ms)
			LoadAssemblies (56ms)
			RebuildTransferFunctionScriptingTraits (0ms)
			SetupTypeCache (309ms)
			ReleaseScriptCaches (1ms)
			RebuildScriptCaches (55ms)
			SetupLoadedEditorAssemblies (349ms)
				LogAssemblyErrors (0ms)
				InitializePlatformSupportModulesInManaged (2ms)
				SetLoadedEditorAssemblies (0ms)
				RefreshPlugins (1ms)
				BeforeProcessingInitializeOnLoad (84ms)
				ProcessInitializeOnLoadAttributes (233ms)
				ProcessInitializeOnLoadMethodAttributes (27ms)
				AfterProcessingInitializeOnLoad (1ms)
				EditorAssembliesLoaded (0ms)
			ExecutionOrderSort2 (0ms)
			AwakeInstancesAfterBackupRestoration (6ms)
Platform modules already initialized, skipping
========================================================================
Worker process is ready to serve import requests
Launching external process: /Applications/Unity/Hub/Editor/2021.3.9f1/Unity.app/Contents/Tools/UnityShaderCompiler
Launched and connected shader compiler UnityShaderCompiler after 0.10 seconds
Refreshing native plugins compatible for Editor in 1.15 ms, found 2 plugins.
Preloading 0 native plugins for Editor in 0.00 ms.
Unloading 3380 Unused Serialized files (Serialized files now loaded: 0)
Unloading 27 unused Assets / (82.8 KB). Loaded Objects now: 3837.
Memory consumption went from 30.8 MB to 30.7 MB.
Total: 7.366708 ms (FindLiveObjects: 0.211167 ms CreateObjectMapping: 0.059417 ms MarkObjects: 6.974958 ms  DeleteObjects: 0.120458 ms)

AssetImportParameters requested are different than current active one (requested -> active):
  custom:video-decoder-ogg-theora: a1e56fd34408186e4bbccfd4996cb3dc -> 
  custom:container-muxer-webm: aa71ff27fc2769a1b78a27578f13a17b -> 
  custom:container-demuxer-webm: 4f35f7cbe854078d1ac9338744f61a02 -> 
  custom:video-encoder-webm-vp8: eb34c28f22e8b96e1ab97ce403110664 -> 
  custom:framework-osx-AVFoundation: e770b220cccbd017edd2c1fefb359320 -> 
  custom:audio-encoder-webm-vorbis: bf7c407c2cedff20999df2af8eb42d56 -> 
  custom:container-demuxer-ogg: 62fdf1f143b41e24485cea50d1cbac27 -> 
  custom:video-decoder-webm-vp8: 9c59270c3fd7afecdb556c50c9e8de78 -> 
  custom:audio-decoder-ogg-vorbis: bf7c407c2cedff20999df2af8eb42d56 -> 
========================================================================
Received Import Request.
  Time since last request: 32195.279243 seconds.
  path: Assets/Wild West Western/Models/Mine_Entrance.fbx
  artifactKey: Guid(41735f2da89acef419d2c1a80e23e115) Importer(815301076,1909f56bfc062723c751e8b465ee728b)
Start importing Assets/Wild West Western/Models/Mine_Entrance.fbx using Guid(41735f2da89acef419d2c1a80e23e115) Importer(815301076,1909f56bfc062723c751e8b465ee728b)  -> (artifact id: 'c8d9709849c931cd6d0eafffdd28a2ae') in 1.099587 seconds 
========================================================================
Received Import Request.
  Time since last request: 0.000081 seconds.
  path: Assets/Wild West Western/Models/Chapel.fbx
  artifactKey: Guid(5c1542ad9b39d2248b66b8671bd5e0a8) Importer(815301076,1909f56bfc062723c751e8b465ee728b)
Start importing Assets/Wild West Western/Models/Chapel.fbx using Guid(5c1542ad9b39d2248b66b8671bd5e0a8) Importer(815301076,1909f56bfc062723c751e8b465ee728b)  -> (artifact id: '185e901d70f3ff9be7433313c872dd0a') in 0.016968 seconds 
========================================================================
Received Import Request.
  Time since last request: 0.001631 seconds.
  path: Assets/Wild West Western/Models/Safe.fbx
  artifactKey: Guid(ab145c8d99fa67f47b7793559e7a5522) Importer(815301076,1909f56bfc062723c751e8b465ee728b)
Start importing Assets/Wild West Western/Models/Safe.fbx using Guid(ab145c8d99fa67f47b7793559e7a5522) Importer(815301076,1909f56bfc062723c751e8b465ee728b)  -> (artifact id: '5f8d0ca037dae071f3f131656941b2dc') in 0.042703 seconds 
========================================================================
Received Import Request.
  Time since last request: 0.003985 seconds.
  path: Assets/Wild West Western/Textures
  artifactKey: Guid(28b88aa702c5449779d0f7c7424520d0) Importer(815301076,1909f56bfc062723c751e8b465ee728b)
Start importing Assets/Wild West Western/Textures using Guid(28b88aa702c5449779d0f7c7424520d0) Importer(815301076,1909f56bfc062723c751e8b465ee728b)  -> (artifact id: '3f60caae2baa5c0021eb905a368480ca') in 0.000854 seconds 
========================================================================
Received Import Request.
  Time since last request: 0.000083 seconds.
  path: Assets/Wild West Western/Textures/Coin_03.psd
  artifactKey: Guid(91b2b061401243e4ab34386e51c8f51c) Importer(815301076,1909f56bfc062723c751e8b465ee728b)
Start importing Assets/Wild West Western/Textures/Coin_03.psd using Guid(91b2b061401243e4ab34386e51c8f51c) Importer(815301076,1909f56bfc062723c751e8b465ee728b)  -> (artifact id: '1a928b814724382e422b5eb4bbd5e379') in 0.085819 seconds 
========================================================================
Received Import Request.
  Time since last request: 0.002696 seconds.
  path: Assets/Wild West Western/Models/Barrel.fbx
  artifactKey: Guid(0f9711582842315479d7d31e6739eae2) Importer(815301076,1909f56bfc062723c751e8b465ee728b)
Start importing Assets/Wild West Western/Models/Barrel.fbx using Guid(0f9711582842315479d7d31e6739eae2) Importer(815301076,1909f56bfc062723c751e8b465ee728b)  -> (artifact id: 'f1caf637c5878816791119caaf5572d8') in 0.023516 seconds 
========================================================================
Received Import Request.
  Time since last request: 0.000118 seconds.
  path: Assets/Wild West Western/Textures/Bridge.psd
  artifactKey: Guid(265dde34da0075c40917dc48f6a20c26) Importer(815301076,1909f56bfc062723c751e8b465ee728b)
Start importing Assets/Wild West Western/Textures/Bridge.psd using Guid(265dde34da0075c40917dc48f6a20c26) Importer(815301076,1909f56bfc062723c751e8b465ee728b)  -> (artifact id: '2fc632e0bcc8c17551a54f801d8a7be7') in 0.009929 seconds 
========================================================================
Received Import Request.
  Time since last request: 1.138631 seconds.
  path: Assets/Wild West Western/Models/Materials/Bridge.mat
  artifactKey: Guid(35215ece1c302134ba7c3945aa7a93d2) Importer(815301076,1909f56bfc062723c751e8b465ee728b)
Start importing Assets/Wild West Western/Models/Materials/Bridge.mat using Guid(35215ece1c302134ba7c3945aa7a93d2) Importer(815301076,1909f56bfc062723c751e8b465ee728b)  -> (artifact id: 'ba4d9f207970f84ae459a6628ba585b6') in 0.155515 seconds 
========================================================================
Received Import Request.
  Time since last request: 0.002466 seconds.
  path: Assets/Wild West Western/Models/Materials/Tree.mat
  artifactKey: Guid(8c7ee7c1b61181e4fbd5880e14248394) Importer(815301076,1909f56bfc062723c751e8b465ee728b)
Start importing Assets/Wild West Western/Models/Materials/Tree.mat using Guid(8c7ee7c1b61181e4fbd5880e14248394) Importer(815301076,1909f56bfc062723c751e8b465ee728b)  -> (artifact id: '620a5901dfb757822b1202fcff3a6e14') in 0.011586 seconds 
========================================================================
Received Import Request.
  Time since last request: 0.000052 seconds.
  path: Assets/Wild West Western/Models/Materials/Coin_01.mat
  artifactKey: Guid(9591057b3ee5cdb44b98eb25b8d92dec) Importer(815301076,1909f56bfc062723c751e8b465ee728b)
Start importing Assets/Wild West Western/Models/Materials/Coin_01.mat using Guid(9591057b3ee5cdb44b98eb25b8d92dec) Importer(815301076,1909f56bfc062723c751e8b465ee728b)  -> (artifact id: '64e5ea646407220df1093c4f65a92c63') in 0.006661 seconds 
========================================================================
Received Import Request.
  Time since last request: 0.000063 seconds.
  path: Assets/Wild West Western/Models/Materials/Reservoir.mat
  artifactKey: Guid(d1172e948d2298d4dae1d7314e11e3ce) Importer(815301076,1909f56bfc062723c751e8b465ee728b)
Start importing Assets/Wild West Western/Models/Materials/Reservoir.mat using Guid(d1172e948d2298d4dae1d7314e11e3ce) Importer(815301076,1909f56bfc062723c751e8b465ee728b)  -> (artifact id: 'ae125209d31fd224cfd07f5c0c91e44e') in 0.008171 seconds 
========================================================================
Received Import Request.
  Time since last request: 0.000096 seconds.
  path: Assets/Wild West Western/Models/Materials/Grave.mat
  artifactKey: Guid(ba5f45b5dd274aa4d818a882e2bcf231) Importer(815301076,1909f56bfc062723c751e8b465ee728b)
Start importing Assets/Wild West Western/Models/Materials/Grave.mat using Guid(ba5f45b5dd274aa4d818a882e2bcf231) Importer(815301076,1909f56bfc062723c751e8b465ee728b)  -> (artifact id: '870b8ad5dcefe9f61b1bd55c2d46e3b1') in 0.013733 seconds 
========================================================================
Received Import Request.
  Time since last request: 0.002956 seconds.
  path: Assets/Wild West Western/Models/Materials/Coin_02.mat
  artifactKey: Guid(3ade285cff8424740a20fb8a277ce3d3) Importer(815301076,1909f56bfc062723c751e8b465ee728b)
Start importing Assets/Wild West Western/Models/Materials/Coin_02.mat using Guid(3ade285cff8424740a20fb8a277ce3d3) Importer(815301076,1909f56bfc062723c751e8b465ee728b)  -> (artifact id: '583b83139e2f9e7cd0792a524d1721b1') in 0.006992 seconds 
Editor requested this worker to shutdown with reason: Scaling down because of idle timeout
AssetImportWorker is now disconnected from the server
Process exiting
