Unity Editor version:    2021.3.9f1 (ad3870b89536)
Branch:                  2021.3/staging
Build type:              Release
Batch mode:              YES
macOS version:           Version 13.3 (Build 22E252)
Darwin version:          22.4.0
Architecture:            arm64
Running under Rosetta:   NO
Available memory:        8192 MB
Using pre-set license
Pro License: YES

COMMAND LINE ARGUMENTS:
/Applications/Unity/Hub/Editor/2021.3.9f1/Unity.app/Contents/MacOS/Unity
-adb2
-batchMode
-noUpm
-name
AssetImportWorker32
-projectPath
/Users/muhammadalisafdar/Documents/M.A.S/GitHub/elgato777/elgato777
-logFile
Logs/AssetImportWorker32.log
-srvPort
54588
Successfully changed project path to: /Users/muhammadalisafdar/Documents/M.A.S/GitHub/elgato777/elgato777
/Users/muhammadalisafdar/Documents/M.A.S/GitHub/elgato777/elgato777
[UnityMemory] Configuration Parameters - Can be set up in boot.config
    "memorysetup-bucket-allocator-granularity=16"
    "memorysetup-bucket-allocator-bucket-count=8"
    "memorysetup-bucket-allocator-block-size=33554432"
    "memorysetup-bucket-allocator-block-count=8"
    "memorysetup-main-allocator-block-size=16777216"
    "memorysetup-thread-allocator-block-size=16777216"
    "memorysetup-gfx-main-allocator-block-size=16777216"
    "memorysetup-gfx-thread-allocator-block-size=16777216"
    "memorysetup-cache-allocator-block-size=4194304"
    "memorysetup-typetree-allocator-block-size=2097152"
    "memorysetup-profiler-bucket-allocator-granularity=16"
    "memorysetup-profiler-bucket-allocator-bucket-count=8"
    "memorysetup-profiler-bucket-allocator-block-size=33554432"
    "memorysetup-profiler-bucket-allocator-block-count=8"
    "memorysetup-profiler-allocator-block-size=16777216"
    "memorysetup-profiler-editor-allocator-block-size=1048576"
    "memorysetup-temp-allocator-size-main=16777216"
    "memorysetup-job-temp-allocator-block-size=2097152"
    "memorysetup-job-temp-allocator-block-size-background=1048576"
    "memorysetup-job-temp-allocator-reduction-small-platforms=262144"
    "memorysetup-temp-allocator-size-background-worker=32768"
    "memorysetup-temp-allocator-size-job-worker=262144"
    "memorysetup-temp-allocator-size-preload-manager=33554432"
    "memorysetup-temp-allocator-size-nav-mesh-worker=65536"
    "memorysetup-temp-allocator-size-audio-worker=65536"
    "memorysetup-temp-allocator-size-cloud-worker=32768"
    "memorysetup-temp-allocator-size-gi-baking-worker=262144"
    "memorysetup-temp-allocator-size-gfx=262144"
Refreshing native plugins compatible for Editor in 413.07 ms, found 3 plugins.
Preloading 0 native plugins for Editor in 0.00 ms.
Initialize engine version: 2021.3.9f1 (ad3870b89536)
[Subsystems] Discovering subsystems at path /Applications/Unity/Hub/Editor/2021.3.9f1/Unity.app/Contents/Resources/UnitySubsystems
[Subsystems] Discovering subsystems at path /Users/muhammadalisafdar/Documents/M.A.S/GitHub/elgato777/elgato777/Assets
GfxDevice: creating device client; threaded=0; jobified=0
 preferred device: Apple M1 (high power)
Metal devices available: 1
0: Apple M1 (high power)
Forcing user selected device: Apple M1 (high power)
Initializing Metal device caps: Apple M1
Initialize mono
Mono path[0] = '/Applications/Unity/Hub/Editor/2021.3.9f1/Unity.app/Contents/Managed'
Mono path[1] = '/Applications/Unity/Hub/Editor/2021.3.9f1/Unity.app/Contents/MonoBleedingEdge/lib/mono/unityjit-macos'
Mono config path = '/Applications/Unity/Hub/Editor/2021.3.9f1/Unity.app/Contents/MonoBleedingEdge/etc'
Using monoOptions --debugger-agent=transport=dt_socket,embedding=1,server=y,suspend=n,address=127.0.0.1:56973
Begin MonoManager ReloadAssembly
Registering precompiled unity dll's ...
Register platform support module: /Applications/Unity/Hub/Editor/2021.3.9f1/Unity.app/Contents/PlaybackEngines/MacStandaloneSupport/UnityEditor.OSXStandalone.Extensions.dll
Registered in 0.000446 seconds.
Native extension for OSXStandalone target not found
Refreshing native plugins compatible for Editor in 92.01 ms, found 3 plugins.
Preloading 0 native plugins for Editor in 0.00 ms.
Mono: successfully reloaded assembly
- Completed reload, in  0.658 seconds
Domain Reload Profiling:
	ReloadAssembly (659ms)
		BeginReloadAssembly (162ms)
			ExecutionOrderSort (0ms)
			DisableScriptedObjects (0ms)
			BackupInstance (0ms)
			ReleaseScriptingObjects (0ms)
			CreateAndSetChildDomain (2ms)
		EndReloadAssembly (416ms)
			LoadAssemblies (160ms)
			RebuildTransferFunctionScriptingTraits (1ms)
			SetupTypeCache (116ms)
			ReleaseScriptCaches (0ms)
			RebuildScriptCaches (21ms)
			SetupLoadedEditorAssemblies (247ms)
				LogAssemblyErrors (0ms)
				InitializePlatformSupportModulesInManaged (4ms)
				SetLoadedEditorAssemblies (0ms)
				RefreshPlugins (92ms)
				BeforeProcessingInitializeOnLoad (1ms)
				ProcessInitializeOnLoadAttributes (125ms)
				ProcessInitializeOnLoadMethodAttributes (25ms)
				AfterProcessingInitializeOnLoad (0ms)
				EditorAssembliesLoaded (0ms)
			ExecutionOrderSort2 (0ms)
			AwakeInstancesAfterBackupRestoration (0ms)
Platform modules already initialized, skipping
Registering precompiled user dll's ...
Registered in 0.008317 seconds.
Begin MonoManager ReloadAssembly
Symbol file LoadedFromMemory doesn't match image /Users/muhammadalisafdar/Documents/M.A.S/GitHub/elgato777/elgato777/Library/PackageCache/com.unity.visualscripting@1.7.8/Editor/VisualScripting.Core/Dependencies/YamlDotNet/Unity.VisualScripting.YamlDotNet.dll
Symbol file LoadedFromMemory doesn't match image /Users/muhammadalisafdar/Documents/M.A.S/GitHub/elgato777/elgato777/Library/PackageCache/com.unity.visualscripting@1.7.8/Editor/VisualScripting.Core/Dependencies/DotNetZip/Unity.VisualScripting.IonicZip.dll
Native extension for OSXStandalone target not found
Refreshing native plugins compatible for Editor in 0.61 ms, found 3 plugins.
Preloading 0 native plugins for Editor in 0.00 ms.
Mono: successfully reloaded assembly
- Completed reload, in  1.055 seconds
Domain Reload Profiling:
	ReloadAssembly (1055ms)
		BeginReloadAssembly (73ms)
			ExecutionOrderSort (0ms)
			DisableScriptedObjects (4ms)
			BackupInstance (0ms)
			ReleaseScriptingObjects (0ms)
			CreateAndSetChildDomain (19ms)
		EndReloadAssembly (900ms)
			LoadAssemblies (131ms)
			RebuildTransferFunctionScriptingTraits (0ms)
			SetupTypeCache (332ms)
			ReleaseScriptCaches (1ms)
			RebuildScriptCaches (44ms)
			SetupLoadedEditorAssemblies (364ms)
				LogAssemblyErrors (0ms)
				InitializePlatformSupportModulesInManaged (2ms)
				SetLoadedEditorAssemblies (0ms)
				RefreshPlugins (1ms)
				BeforeProcessingInitializeOnLoad (79ms)
				ProcessInitializeOnLoadAttributes (230ms)
				ProcessInitializeOnLoadMethodAttributes (49ms)
				AfterProcessingInitializeOnLoad (2ms)
				EditorAssembliesLoaded (0ms)
			ExecutionOrderSort2 (0ms)
			AwakeInstancesAfterBackupRestoration (5ms)
Platform modules already initialized, skipping
========================================================================
Worker process is ready to serve import requests
Launching external process: /Applications/Unity/Hub/Editor/2021.3.9f1/Unity.app/Contents/Tools/UnityShaderCompiler
Launched and connected shader compiler UnityShaderCompiler after 0.30 seconds
Refreshing native plugins compatible for Editor in 4.60 ms, found 3 plugins.
Preloading 0 native plugins for Editor in 0.00 ms.
Unloading 4070 Unused Serialized files (Serialized files now loaded: 0)
Unloading 46 unused Assets / (197.2 KB). Loaded Objects now: 4522.
Memory consumption went from 66.6 MB to 66.4 MB.
Total: 5.251667 ms (FindLiveObjects: 0.362084 ms CreateObjectMapping: 0.104958 ms MarkObjects: 4.549000 ms  DeleteObjects: 0.234000 ms)

AssetImportParameters requested are different than current active one (requested -> active):
  custom:video-decoder-ogg-theora: a1e56fd34408186e4bbccfd4996cb3dc -> 
  custom:container-muxer-webm: aa71ff27fc2769a1b78a27578f13a17b -> 
  custom:container-demuxer-webm: 4f35f7cbe854078d1ac9338744f61a02 -> 
  custom:video-encoder-webm-vp8: eb34c28f22e8b96e1ab97ce403110664 -> 
  custom:framework-osx-AVFoundation: e770b220cccbd017edd2c1fefb359320 -> 
  custom:audio-encoder-webm-vorbis: bf7c407c2cedff20999df2af8eb42d56 -> 
  custom:container-demuxer-ogg: 62fdf1f143b41e24485cea50d1cbac27 -> 
  custom:video-decoder-webm-vp8: 9c59270c3fd7afecdb556c50c9e8de78 -> 
  custom:audio-decoder-ogg-vorbis: bf7c407c2cedff20999df2af8eb42d56 -> 
========================================================================
Received Import Request.
  Time since last request: 50702.518186 seconds.
  path: Assets/Models/WildWestRevolver_0/WWGPistol_0_Prefs/WWGPistol_0_Ammo.prefab
  artifactKey: Guid(e8286d951bbbef9469950c7b167ca52d) Importer(815301076,1909f56bfc062723c751e8b465ee728b)
Start importing Assets/Models/WildWestRevolver_0/WWGPistol_0_Prefs/WWGPistol_0_Ammo.prefab using Guid(e8286d951bbbef9469950c7b167ca52d) Importer(815301076,1909f56bfc062723c751e8b465ee728b)  -> (artifact id: '1258f59a7c55f8628358a957d094b23a') in 0.454153 seconds 
========================================================================
Received Import Request.
  Time since last request: 13.549907 seconds.
  path: Assets/ComicArtUI/2DAsset/UI/Component/Button_2.png
  artifactKey: Guid(59fb10ac8a81d8f4e9441ee80d0a5293) Importer(815301076,1909f56bfc062723c751e8b465ee728b)
Start importing Assets/ComicArtUI/2DAsset/UI/Component/Button_2.png using Guid(59fb10ac8a81d8f4e9441ee80d0a5293) Importer(815301076,1909f56bfc062723c751e8b465ee728b)  -> (artifact id: '997d4e56de1402475376ee7b9cadf9e8') in 0.109573 seconds 
========================================================================
Received Import Request.
  Time since last request: 0.001419 seconds.
  path: Assets/ComicArtUI/2DAsset/UI/Component/Loading Bar.png
  artifactKey: Guid(bd97b38615356454b86054a5225a1e71) Importer(815301076,1909f56bfc062723c751e8b465ee728b)
Start importing Assets/ComicArtUI/2DAsset/UI/Component/Loading Bar.png using Guid(bd97b38615356454b86054a5225a1e71) Importer(815301076,1909f56bfc062723c751e8b465ee728b)  -> (artifact id: '48f82883722c41c3ddbc4a4aaf83cca4') in 0.013738 seconds 
========================================================================
Received Import Request.
  Time since last request: 0.000107 seconds.
  path: Assets/ComicArtUI/2DAsset/UI/Component/Mouse Cursor.png
  artifactKey: Guid(bf4513f081e1f154ebc26b5c23f07201) Importer(815301076,1909f56bfc062723c751e8b465ee728b)
Start importing Assets/ComicArtUI/2DAsset/UI/Component/Mouse Cursor.png using Guid(bf4513f081e1f154ebc26b5c23f07201) Importer(815301076,1909f56bfc062723c751e8b465ee728b)  -> (artifact id: 'db60e055f9231ba12c7af227fece0471') in 0.004666 seconds 
========================================================================
Received Import Request.
  Time since last request: 8.546570 seconds.
  path: Assets/ComicArtUI/2DAsset/UI/Characters/character_3.png
  artifactKey: Guid(cdecf34d750fe8b45bc3685a4d9b6331) Importer(815301076,1909f56bfc062723c751e8b465ee728b)
Start importing Assets/ComicArtUI/2DAsset/UI/Characters/character_3.png using Guid(cdecf34d750fe8b45bc3685a4d9b6331) Importer(815301076,1909f56bfc062723c751e8b465ee728b)  -> (artifact id: '69bc83c4a5b8b7cd426ea64453060ea9') in 0.153674 seconds 
========================================================================
Received Import Request.
  Time since last request: 0.000084 seconds.
  path: Assets/ComicArtUI/2DAsset/UI/Characters/character_4.png
  artifactKey: Guid(75b986fde9ca0f6468ab22d748c829dd) Importer(815301076,1909f56bfc062723c751e8b465ee728b)
Start importing Assets/ComicArtUI/2DAsset/UI/Characters/character_4.png using Guid(75b986fde9ca0f6468ab22d748c829dd) Importer(815301076,1909f56bfc062723c751e8b465ee728b)  -> (artifact id: '1cc7e1427ea3fcb86a1f7ee32b97beeb') in 0.093004 seconds 
========================================================================
Received Import Request.
  Time since last request: 21.880422 seconds.
  path: Assets/ComicArtUI/2DAsset/UI/Background/bg3.png
  artifactKey: Guid(e9860e8dbba1ec64fa8de0f7511ef0e4) Importer(815301076,1909f56bfc062723c751e8b465ee728b)
Start importing Assets/ComicArtUI/2DAsset/UI/Background/bg3.png using Guid(e9860e8dbba1ec64fa8de0f7511ef0e4) Importer(815301076,1909f56bfc062723c751e8b465ee728b)  -> (artifact id: 'f81e15a842d15d7d0c47214b167aad5f') in 0.329582 seconds 
========================================================================
Received Import Request.
  Time since last request: 0.000084 seconds.
  path: Assets/ComicArtUI/2DAsset/UI/Background/bg5.png
  artifactKey: Guid(c0c7387b2be04c240920104eb1b70d3b) Importer(815301076,1909f56bfc062723c751e8b465ee728b)
Start importing Assets/ComicArtUI/2DAsset/UI/Background/bg5.png using Guid(c0c7387b2be04c240920104eb1b70d3b) Importer(815301076,1909f56bfc062723c751e8b465ee728b)  -> (artifact id: '593c54562de7f38279c2aed8fb67bc8a') in 0.159740 seconds 
Editor requested this worker to shutdown with reason: Scaling down because of idle timeout
AssetImportWorker is now disconnected from the server
Process exiting
