Unity Editor version:    2021.3.9f1 (ad3870b89536)
Branch:                  2021.3/staging
Build type:              Release
Batch mode:              YES
macOS version:           Version 13.3 (Build 22E252)
Darwin version:          22.4.0
Architecture:            arm64
Running under Rosetta:   NO
Available memory:        8192 MB
Using pre-set license
Pro License: YES

COMMAND LINE ARGUMENTS:
/Applications/Unity/Hub/Editor/2021.3.9f1/Unity.app/Contents/MacOS/Unity
-adb2
-batchMode
-noUpm
-name
AssetImportWorker0
-projectPath
/Users/muhammadalisafdar/Documents/M.A.S/GitHub/elgato777/elgato777
-logFile
Logs/AssetImportWorker0.log
-srvPort
54588
Successfully changed project path to: /Users/muhammadalisafdar/Documents/M.A.S/GitHub/elgato777/elgato777
/Users/muhammadalisafdar/Documents/M.A.S/GitHub/elgato777/elgato777
[UnityMemory] Configuration Parameters - Can be set up in boot.config
    "memorysetup-bucket-allocator-granularity=16"
    "memorysetup-bucket-allocator-bucket-count=8"
    "memorysetup-bucket-allocator-block-size=33554432"
    "memorysetup-bucket-allocator-block-count=8"
    "memorysetup-main-allocator-block-size=16777216"
    "memorysetup-thread-allocator-block-size=16777216"
    "memorysetup-gfx-main-allocator-block-size=16777216"
    "memorysetup-gfx-thread-allocator-block-size=16777216"
    "memorysetup-cache-allocator-block-size=4194304"
    "memorysetup-typetree-allocator-block-size=2097152"
    "memorysetup-profiler-bucket-allocator-granularity=16"
    "memorysetup-profiler-bucket-allocator-bucket-count=8"
    "memorysetup-profiler-bucket-allocator-block-size=33554432"
    "memorysetup-profiler-bucket-allocator-block-count=8"
    "memorysetup-profiler-allocator-block-size=16777216"
    "memorysetup-profiler-editor-allocator-block-size=1048576"
    "memorysetup-temp-allocator-size-main=16777216"
    "memorysetup-job-temp-allocator-block-size=2097152"
    "memorysetup-job-temp-allocator-block-size-background=1048576"
    "memorysetup-job-temp-allocator-reduction-small-platforms=262144"
    "memorysetup-temp-allocator-size-background-worker=32768"
    "memorysetup-temp-allocator-size-job-worker=262144"
    "memorysetup-temp-allocator-size-preload-manager=33554432"
    "memorysetup-temp-allocator-size-nav-mesh-worker=65536"
    "memorysetup-temp-allocator-size-audio-worker=65536"
    "memorysetup-temp-allocator-size-cloud-worker=32768"
    "memorysetup-temp-allocator-size-gi-baking-worker=262144"
    "memorysetup-temp-allocator-size-gfx=262144"
Refreshing native plugins compatible for Editor in 286.80 ms, found 2 plugins.
Preloading 0 native plugins for Editor in 0.00 ms.
Initialize engine version: 2021.3.9f1 (ad3870b89536)
[Subsystems] Discovering subsystems at path /Applications/Unity/Hub/Editor/2021.3.9f1/Unity.app/Contents/Resources/UnitySubsystems
[Subsystems] Discovering subsystems at path /Users/muhammadalisafdar/Documents/M.A.S/GitHub/elgato777/elgato777/Assets
GfxDevice: creating device client; threaded=0; jobified=0
 preferred device: Apple M1 (high power)
Metal devices available: 1
0: Apple M1 (high power)
Forcing user selected device: Apple M1 (high power)
Initializing Metal device caps: Apple M1
Initialize mono
Mono path[0] = '/Applications/Unity/Hub/Editor/2021.3.9f1/Unity.app/Contents/Managed'
Mono path[1] = '/Applications/Unity/Hub/Editor/2021.3.9f1/Unity.app/Contents/MonoBleedingEdge/lib/mono/unityjit-macos'
Mono config path = '/Applications/Unity/Hub/Editor/2021.3.9f1/Unity.app/Contents/MonoBleedingEdge/etc'
Using monoOptions --debugger-agent=transport=dt_socket,embedding=1,server=y,suspend=n,address=127.0.0.1:56884
Begin MonoManager ReloadAssembly
Registering precompiled unity dll's ...
Register platform support module: /Applications/Unity/Hub/Editor/2021.3.9f1/Unity.app/Contents/PlaybackEngines/MacStandaloneSupport/UnityEditor.OSXStandalone.Extensions.dll
Registered in 0.001324 seconds.
Native extension for OSXStandalone target not found
Refreshing native plugins compatible for Editor in 72.21 ms, found 2 plugins.
Preloading 0 native plugins for Editor in 0.00 ms.
Mono: successfully reloaded assembly
- Completed reload, in  0.528 seconds
Domain Reload Profiling:
	ReloadAssembly (528ms)
		BeginReloadAssembly (88ms)
			ExecutionOrderSort (0ms)
			DisableScriptedObjects (0ms)
			BackupInstance (0ms)
			ReleaseScriptingObjects (0ms)
			CreateAndSetChildDomain (1ms)
		EndReloadAssembly (358ms)
			LoadAssemblies (88ms)
			RebuildTransferFunctionScriptingTraits (2ms)
			SetupTypeCache (80ms)
			ReleaseScriptCaches (0ms)
			RebuildScriptCaches (21ms)
			SetupLoadedEditorAssemblies (208ms)
				LogAssemblyErrors (0ms)
				InitializePlatformSupportModulesInManaged (3ms)
				SetLoadedEditorAssemblies (0ms)
				RefreshPlugins (72ms)
				BeforeProcessingInitializeOnLoad (1ms)
				ProcessInitializeOnLoadAttributes (104ms)
				ProcessInitializeOnLoadMethodAttributes (28ms)
				AfterProcessingInitializeOnLoad (0ms)
				EditorAssembliesLoaded (0ms)
			ExecutionOrderSort2 (0ms)
			AwakeInstancesAfterBackupRestoration (0ms)
Platform modules already initialized, skipping
Registering precompiled user dll's ...
Registered in 0.005664 seconds.
Begin MonoManager ReloadAssembly
Symbol file LoadedFromMemory doesn't match image /Users/muhammadalisafdar/Documents/M.A.S/GitHub/elgato777/elgato777/Library/PackageCache/com.unity.visualscripting@1.7.8/Editor/VisualScripting.Core/Dependencies/YamlDotNet/Unity.VisualScripting.YamlDotNet.dll
Symbol file LoadedFromMemory doesn't match image /Users/muhammadalisafdar/Documents/M.A.S/GitHub/elgato777/elgato777/Library/PackageCache/com.unity.visualscripting@1.7.8/Editor/VisualScripting.Core/Dependencies/DotNetZip/Unity.VisualScripting.IonicZip.dll
Native extension for OSXStandalone target not found
Refreshing native plugins compatible for Editor in 0.41 ms, found 2 plugins.
Preloading 0 native plugins for Editor in 0.00 ms.
Mono: successfully reloaded assembly
- Completed reload, in  0.818 seconds
Domain Reload Profiling:
	ReloadAssembly (818ms)
		BeginReloadAssembly (61ms)
			ExecutionOrderSort (0ms)
			DisableScriptedObjects (3ms)
			BackupInstance (0ms)
			ReleaseScriptingObjects (0ms)
			CreateAndSetChildDomain (16ms)
		EndReloadAssembly (682ms)
			LoadAssemblies (75ms)
			RebuildTransferFunctionScriptingTraits (0ms)
			SetupTypeCache (201ms)
			ReleaseScriptCaches (1ms)
			RebuildScriptCaches (38ms)
			SetupLoadedEditorAssemblies (329ms)
				LogAssemblyErrors (0ms)
				InitializePlatformSupportModulesInManaged (2ms)
				SetLoadedEditorAssemblies (0ms)
				RefreshPlugins (0ms)
				BeforeProcessingInitializeOnLoad (65ms)
				ProcessInitializeOnLoadAttributes (232ms)
				ProcessInitializeOnLoadMethodAttributes (27ms)
				AfterProcessingInitializeOnLoad (1ms)
				EditorAssembliesLoaded (0ms)
			ExecutionOrderSort2 (0ms)
			AwakeInstancesAfterBackupRestoration (6ms)
Platform modules already initialized, skipping
========================================================================
Worker process is ready to serve import requests
Launching external process: /Applications/Unity/Hub/Editor/2021.3.9f1/Unity.app/Contents/Tools/UnityShaderCompiler
Launched and connected shader compiler UnityShaderCompiler after 0.41 seconds
Refreshing native plugins compatible for Editor in 0.63 ms, found 2 plugins.
Preloading 0 native plugins for Editor in 0.00 ms.
Unloading 3380 Unused Serialized files (Serialized files now loaded: 0)
Unloading 27 unused Assets / (82.8 KB). Loaded Objects now: 3837.
Memory consumption went from 30.7 MB to 30.6 MB.
Total: 16.615750 ms (FindLiveObjects: 1.902875 ms CreateObjectMapping: 0.233083 ms MarkObjects: 14.243750 ms  DeleteObjects: 0.235042 ms)

AssetImportParameters requested are different than current active one (requested -> active):
  custom:video-decoder-ogg-theora: a1e56fd34408186e4bbccfd4996cb3dc -> 
  custom:container-muxer-webm: aa71ff27fc2769a1b78a27578f13a17b -> 
  custom:container-demuxer-webm: 4f35f7cbe854078d1ac9338744f61a02 -> 
  custom:video-encoder-webm-vp8: eb34c28f22e8b96e1ab97ce403110664 -> 
  custom:framework-osx-AVFoundation: e770b220cccbd017edd2c1fefb359320 -> 
  custom:audio-encoder-webm-vorbis: bf7c407c2cedff20999df2af8eb42d56 -> 
  custom:container-demuxer-ogg: 62fdf1f143b41e24485cea50d1cbac27 -> 
  custom:video-decoder-webm-vp8: 9c59270c3fd7afecdb556c50c9e8de78 -> 
  custom:audio-decoder-ogg-vorbis: bf7c407c2cedff20999df2af8eb42d56 -> 
========================================================================
Received Import Request.
  Time since last request: 32193.714261 seconds.
  path: Assets/Wild West Western/Textures/Grave.psd
  artifactKey: Guid(3af341b62aa77d845bc142e3730ba9d2) Importer(815301076,1909f56bfc062723c751e8b465ee728b)
Start importing Assets/Wild West Western/Textures/Grave.psd using Guid(3af341b62aa77d845bc142e3730ba9d2) Importer(815301076,1909f56bfc062723c751e8b465ee728b)  -> (artifact id: '0c1c235492f18612ae89989c5634a895') in 1.010372 seconds 
========================================================================
Received Import Request.
  Time since last request: 0.001625 seconds.
  path: Assets/Wild West Western/Models/Windmill.fbx
  artifactKey: Guid(526b8341fc722fc45852a2c197c1118d) Importer(815301076,1909f56bfc062723c751e8b465ee728b)
Start importing Assets/Wild West Western/Models/Windmill.fbx using Guid(526b8341fc722fc45852a2c197c1118d) Importer(815301076,1909f56bfc062723c751e8b465ee728b)  -> (artifact id: '7fb4ea36df0431c2f1d1b8c8f470fd06') in 1.184382 seconds 
========================================================================
Received Import Request.
  Time since last request: 0.000157 seconds.
  path: Assets/Wild West Western/Models/Saloon.fbx
  artifactKey: Guid(246e55031d1207e44a20501691e811f6) Importer(815301076,1909f56bfc062723c751e8b465ee728b)
Start importing Assets/Wild West Western/Models/Saloon.fbx using Guid(246e55031d1207e44a20501691e811f6) Importer(815301076,1909f56bfc062723c751e8b465ee728b)  -> (artifact id: '9a118e972c991f1605119a03f7c30dcc') in 0.015658 seconds 
========================================================================
Received Import Request.
  Time since last request: 0.003028 seconds.
  path: Assets/Wild West Western/Textures/Coin_01.psd
  artifactKey: Guid(ee219a0d17a0c824ca2bccc6c1f5780f) Importer(815301076,1909f56bfc062723c751e8b465ee728b)
Start importing Assets/Wild West Western/Textures/Coin_01.psd using Guid(ee219a0d17a0c824ca2bccc6c1f5780f) Importer(815301076,1909f56bfc062723c751e8b465ee728b)  -> (artifact id: '2156456f8efa8aa6cad847e9715c1ca1') in 0.007548 seconds 
========================================================================
Received Import Request.
  Time since last request: 0.000049 seconds.
  path: Assets/Wild West Western/Textures/House_Standard_01.psd
  artifactKey: Guid(e47984dc8698f0b469140a1602753509) Importer(815301076,1909f56bfc062723c751e8b465ee728b)
Start importing Assets/Wild West Western/Textures/House_Standard_01.psd using Guid(e47984dc8698f0b469140a1602753509) Importer(815301076,1909f56bfc062723c751e8b465ee728b)  -> (artifact id: '04c9721e03849f72c84cbd5269f31cb9') in 0.006133 seconds 
========================================================================
Received Import Request.
  Time since last request: 0.000042 seconds.
  path: Assets/Wild West Western/Textures/Barn_02.psd
  artifactKey: Guid(6dfc325c10733e94f808b3bb06981fc0) Importer(815301076,1909f56bfc062723c751e8b465ee728b)
Start importing Assets/Wild West Western/Textures/Barn_02.psd using Guid(6dfc325c10733e94f808b3bb06981fc0) Importer(815301076,1909f56bfc062723c751e8b465ee728b)  -> (artifact id: '7e321419566e858b591b84663d6952ce') in 0.009081 seconds 
========================================================================
Received Import Request.
  Time since last request: 0.000050 seconds.
  path: Assets/Wild West Western/Models/Church.fbx
  artifactKey: Guid(23ce6e10e9fd9604088e218bf3476d8e) Importer(815301076,1909f56bfc062723c751e8b465ee728b)
Start importing Assets/Wild West Western/Models/Church.fbx using Guid(23ce6e10e9fd9604088e218bf3476d8e) Importer(815301076,1909f56bfc062723c751e8b465ee728b)  -> (artifact id: '06a88c5683723c1849954f400e5a06f0') in 0.014184 seconds 
========================================================================
Received Import Request.
  Time since last request: 0.003534 seconds.
  path: Assets/Wild West Western/Models/Tree_02.fbx
  artifactKey: Guid(e5c4d34b1b01f854cb2292d1cb215065) Importer(815301076,1909f56bfc062723c751e8b465ee728b)
Start importing Assets/Wild West Western/Models/Tree_02.fbx using Guid(e5c4d34b1b01f854cb2292d1cb215065) Importer(815301076,1909f56bfc062723c751e8b465ee728b)  -> (artifact id: '3abe61df50bde8d351fa61dfdc01d657') in 0.009988 seconds 
========================================================================
Received Import Request.
  Time since last request: 0.000574 seconds.
  path: Assets/Wild West Western/Textures/Tracks.psd
  artifactKey: Guid(0adf71165c77ed646b6857ef0fd9464e) Importer(815301076,1909f56bfc062723c751e8b465ee728b)
Start importing Assets/Wild West Western/Textures/Tracks.psd using Guid(0adf71165c77ed646b6857ef0fd9464e) Importer(815301076,1909f56bfc062723c751e8b465ee728b)  -> (artifact id: 'ea3643879599f41023a59f60f73b4ff1') in 0.005714 seconds 
========================================================================
Received Import Request.
  Time since last request: 0.000053 seconds.
  path: Assets/Wild West Western/Models/Cactus_01.fbx
  artifactKey: Guid(2d7bf058345e07f488af293ec7dec066) Importer(815301076,1909f56bfc062723c751e8b465ee728b)
Start importing Assets/Wild West Western/Models/Cactus_01.fbx using Guid(2d7bf058345e07f488af293ec7dec066) Importer(815301076,1909f56bfc062723c751e8b465ee728b)  -> (artifact id: '04253ac329cf6eb9fe2aeda54fa01acc') in 0.022690 seconds 
========================================================================
Received Import Request.
  Time since last request: 0.000093 seconds.
  path: Assets/Wild West Western/Textures/Coach.psd
  artifactKey: Guid(ad0181e2b4c8a9c45b44fdef28a55457) Importer(815301076,1909f56bfc062723c751e8b465ee728b)
Start importing Assets/Wild West Western/Textures/Coach.psd using Guid(ad0181e2b4c8a9c45b44fdef28a55457) Importer(815301076,1909f56bfc062723c751e8b465ee728b)  -> (artifact id: '965247ae8ad51e33f55434e466b66dba') in 0.006140 seconds 
========================================================================
Received Import Request.
  Time since last request: 0.004848 seconds.
  path: Assets/Wild West Western/Models/House_Standard_01.fbx
  artifactKey: Guid(558a10379b25fdb4eb58a073571fd21d) Importer(815301076,1909f56bfc062723c751e8b465ee728b)
Start importing Assets/Wild West Western/Models/House_Standard_01.fbx using Guid(558a10379b25fdb4eb58a073571fd21d) Importer(815301076,1909f56bfc062723c751e8b465ee728b)  -> (artifact id: '977f1d6b833624ba63096dd7eb8d4e16') in 0.012718 seconds 
========================================================================
Received Import Request.
  Time since last request: 0.003423 seconds.
  path: Assets/Wild West Western/Textures/Barn_01.psd
  artifactKey: Guid(dc770679e133aed4b8e063acd1cddc78) Importer(815301076,1909f56bfc062723c751e8b465ee728b)
Start importing Assets/Wild West Western/Textures/Barn_01.psd using Guid(dc770679e133aed4b8e063acd1cddc78) Importer(815301076,1909f56bfc062723c751e8b465ee728b)  -> (artifact id: '01a807564b9cf60485e1e4da32bb044e') in 0.006598 seconds 
========================================================================
Received Import Request.
  Time since last request: 0.000061 seconds.
  path: Assets/Wild West Western/Models/House_Standard_03.fbx
  artifactKey: Guid(1c366a597c3385a46a08ecccb24c45b6) Importer(815301076,1909f56bfc062723c751e8b465ee728b)
Start importing Assets/Wild West Western/Models/House_Standard_03.fbx using Guid(1c366a597c3385a46a08ecccb24c45b6) Importer(815301076,1909f56bfc062723c751e8b465ee728b)  -> (artifact id: '7bd6a7d8f40f158ec8bd72f92d64569b') in 0.019544 seconds 
========================================================================
Received Import Request.
  Time since last request: 0.000107 seconds.
  path: Assets/Wild West Western/Models/Coach.fbx
  artifactKey: Guid(9210f739e2467864d973e462fbf0cf15) Importer(815301076,1909f56bfc062723c751e8b465ee728b)
Start importing Assets/Wild West Western/Models/Coach.fbx using Guid(9210f739e2467864d973e462fbf0cf15) Importer(815301076,1909f56bfc062723c751e8b465ee728b)  -> (artifact id: '480862987a6af4b7dbac900500f0501d') in 0.020165 seconds 
========================================================================
Received Import Request.
  Time since last request: 0.004969 seconds.
  path: Assets/Wild West Western/Models/Tombstone_06.fbx
  artifactKey: Guid(5fc8617b19d5edb4fbb49ab30fc759b0) Importer(815301076,1909f56bfc062723c751e8b465ee728b)
Start importing Assets/Wild West Western/Models/Tombstone_06.fbx using Guid(5fc8617b19d5edb4fbb49ab30fc759b0) Importer(815301076,1909f56bfc062723c751e8b465ee728b)  -> (artifact id: '17955d1a502c75d0b4e44530ee83ed3a') in 0.014481 seconds 
========================================================================
Received Import Request.
  Time since last request: 0.000264 seconds.
  path: Assets/Wild West Western/Models/Bridge.fbx
  artifactKey: Guid(d2f218afcd280a94c84c345bab53c7ab) Importer(815301076,1909f56bfc062723c751e8b465ee728b)
Start importing Assets/Wild West Western/Models/Bridge.fbx using Guid(d2f218afcd280a94c84c345bab53c7ab) Importer(815301076,1909f56bfc062723c751e8b465ee728b)  -> (artifact id: '6326bef85bd2788b8635194fb76ebfa6') in 0.014986 seconds 
========================================================================
Received Import Request.
  Time since last request: 0.000040 seconds.
  path: Assets/Wild West Western/Models/Tree_01.fbx
  artifactKey: Guid(dd36e323af2547342bb89a4c2051ebea) Importer(815301076,1909f56bfc062723c751e8b465ee728b)
Start importing Assets/Wild West Western/Models/Tree_01.fbx using Guid(dd36e323af2547342bb89a4c2051ebea) Importer(815301076,1909f56bfc062723c751e8b465ee728b)  -> (artifact id: 'e70c703563f1119b745e29d64e2bab9e') in 0.014337 seconds 
========================================================================
Received Import Request.
  Time since last request: 0.011545 seconds.
  path: Assets/Wild West Western/Textures/Tombstone.psd
  artifactKey: Guid(828623a0c2c145b48ad0955cf503b765) Importer(815301076,1909f56bfc062723c751e8b465ee728b)
Start importing Assets/Wild West Western/Textures/Tombstone.psd using Guid(828623a0c2c145b48ad0955cf503b765) Importer(815301076,1909f56bfc062723c751e8b465ee728b)  -> (artifact id: '322df6bc31df9fcdaef4178712871a95') in 0.008188 seconds 
========================================================================
Received Import Request.
  Time since last request: 0.000064 seconds.
  path: Assets/Wild West Western/Textures/Hay.psd
  artifactKey: Guid(6b79d7c77e9ad994ea17dbefae43966e) Importer(815301076,1909f56bfc062723c751e8b465ee728b)
Start importing Assets/Wild West Western/Textures/Hay.psd using Guid(6b79d7c77e9ad994ea17dbefae43966e) Importer(815301076,1909f56bfc062723c751e8b465ee728b)  -> (artifact id: '2d70cae98a053d4c3b41223d6bd91fd2') in 0.005905 seconds 
========================================================================
Received Import Request.
  Time since last request: 0.000053 seconds.
  path: Assets/Wild West Western/Models/Coin_01.fbx
  artifactKey: Guid(945f106884507014d9adf4758c6c4d7c) Importer(815301076,1909f56bfc062723c751e8b465ee728b)
Start importing Assets/Wild West Western/Models/Coin_01.fbx using Guid(945f106884507014d9adf4758c6c4d7c) Importer(815301076,1909f56bfc062723c751e8b465ee728b)  -> (artifact id: 'f8962ccacb3ae6e3eb7ee1974f5612e3') in 0.020017 seconds 
========================================================================
Received Import Request.
  Time since last request: 0.002850 seconds.
  path: Assets/Wild West Western/Textures/Western_Wagon.psd
  artifactKey: Guid(92f726b5bb863ed42810be6436fe9ff3) Importer(815301076,1909f56bfc062723c751e8b465ee728b)
Start importing Assets/Wild West Western/Textures/Western_Wagon.psd using Guid(92f726b5bb863ed42810be6436fe9ff3) Importer(815301076,1909f56bfc062723c751e8b465ee728b)  -> (artifact id: '825e819bdd002b622731fd46d2a6ea6c') in 0.005841 seconds 
========================================================================
Received Import Request.
  Time since last request: 0.000164 seconds.
  path: Assets/Wild West Western/Textures/Diamond.psd
  artifactKey: Guid(798d2d4959125b64a82cb6d870575604) Importer(815301076,1909f56bfc062723c751e8b465ee728b)
Start importing Assets/Wild West Western/Textures/Diamond.psd using Guid(798d2d4959125b64a82cb6d870575604) Importer(815301076,1909f56bfc062723c751e8b465ee728b)  -> (artifact id: 'cc34178ffdba2839a7689b776d5847bb') in 0.005112 seconds 
========================================================================
Received Import Request.
  Time since last request: 0.000146 seconds.
  path: Assets/Wild West Western/Textures/Box_Simple.psd
  artifactKey: Guid(f366f64b7eacc2a4d9c1d7be28b77690) Importer(815301076,1909f56bfc062723c751e8b465ee728b)
Start importing Assets/Wild West Western/Textures/Box_Simple.psd using Guid(f366f64b7eacc2a4d9c1d7be28b77690) Importer(815301076,1909f56bfc062723c751e8b465ee728b)  -> (artifact id: '9e3a4cdf3d9ad168fd1b214a5e8f181e') in 0.007652 seconds 
========================================================================
Received Import Request.
  Time since last request: 0.000386 seconds.
  path: Assets/Wild West Western/Textures/Fence_Cmentary.psd
  artifactKey: Guid(06484136f20b10845b0d3e07a29e8874) Importer(815301076,1909f56bfc062723c751e8b465ee728b)
Start importing Assets/Wild West Western/Textures/Fence_Cmentary.psd using Guid(06484136f20b10845b0d3e07a29e8874) Importer(815301076,1909f56bfc062723c751e8b465ee728b)  -> (artifact id: 'c9efb800a5adb6fca7dffd38bc0bddfe') in 0.010505 seconds 
========================================================================
Received Import Request.
  Time since last request: 0.018028 seconds.
  path: Assets/Wild West Western/Textures/Gate.psd
  artifactKey: Guid(5f625699b6f8e234a99764f0204e8070) Importer(815301076,1909f56bfc062723c751e8b465ee728b)
Start importing Assets/Wild West Western/Textures/Gate.psd using Guid(5f625699b6f8e234a99764f0204e8070) Importer(815301076,1909f56bfc062723c751e8b465ee728b)  -> (artifact id: '3e936086d0f1d738bb56b3a71a93d8d4') in 0.012709 seconds 
========================================================================
Received Import Request.
  Time since last request: 0.000108 seconds.
  path: Assets/Wild West Western/Models/Box_Simple.fbx
  artifactKey: Guid(09b6f5bf63352c64f89ce12011a76231) Importer(815301076,1909f56bfc062723c751e8b465ee728b)
Start importing Assets/Wild West Western/Models/Box_Simple.fbx using Guid(09b6f5bf63352c64f89ce12011a76231) Importer(815301076,1909f56bfc062723c751e8b465ee728b)  -> (artifact id: '4540061d3724ccc70809005638d485f1') in 0.013304 seconds 
========================================================================
Received Import Request.
  Time since last request: 0.003422 seconds.
  path: Assets/Wild West Western/Models/Fence_Cmentary_01.fbx
  artifactKey: Guid(d619e4a4a61ce85459c94689f99495e3) Importer(815301076,1909f56bfc062723c751e8b465ee728b)
Start importing Assets/Wild West Western/Models/Fence_Cmentary_01.fbx using Guid(d619e4a4a61ce85459c94689f99495e3) Importer(815301076,1909f56bfc062723c751e8b465ee728b)  -> (artifact id: '3c6fc62cbae1934ec06d66f98e6b046b') in 0.015858 seconds 
========================================================================
Received Import Request.
  Time since last request: 0.000298 seconds.
  path: Assets/Wild West Western/Textures/Windmill.psd
  artifactKey: Guid(2a2882038e171ca46b8b94975c85cb78) Importer(815301076,1909f56bfc062723c751e8b465ee728b)
Start importing Assets/Wild West Western/Textures/Windmill.psd using Guid(2a2882038e171ca46b8b94975c85cb78) Importer(815301076,1909f56bfc062723c751e8b465ee728b)  -> (artifact id: '977cfd63a42ec17d582a1de71b82d936') in 0.022247 seconds 
========================================================================
Received Import Request.
  Time since last request: 0.001497 seconds.
  path: Assets/Wild West Western/Models/Reservoir.fbx
  artifactKey: Guid(1bdc5a3250b036b43ab846c4b8d26358) Importer(815301076,1909f56bfc062723c751e8b465ee728b)
Start importing Assets/Wild West Western/Models/Reservoir.fbx using Guid(1bdc5a3250b036b43ab846c4b8d26358) Importer(815301076,1909f56bfc062723c751e8b465ee728b)  -> (artifact id: 'c2351c5ac0e59d73d1b69aee3bff4124') in 0.019101 seconds 
========================================================================
Received Import Request.
  Time since last request: 0.000123 seconds.
  path: Assets/Wild West Western/Textures/Star.psd
  artifactKey: Guid(679865060dfe32543b19a9d3c9293f8a) Importer(815301076,1909f56bfc062723c751e8b465ee728b)
Start importing Assets/Wild West Western/Textures/Star.psd using Guid(679865060dfe32543b19a9d3c9293f8a) Importer(815301076,1909f56bfc062723c751e8b465ee728b)  -> (artifact id: '39e11c313a6270926e6ab9db650582bf') in 0.006961 seconds 
========================================================================
Received Import Request.
  Time since last request: 0.007964 seconds.
  path: Assets/Wild West Western/Models/Tombstone_01.fbx
  artifactKey: Guid(d93b1a5b0a7d0174a9e823c304e316c8) Importer(815301076,1909f56bfc062723c751e8b465ee728b)
Start importing Assets/Wild West Western/Models/Tombstone_01.fbx using Guid(d93b1a5b0a7d0174a9e823c304e316c8) Importer(815301076,1909f56bfc062723c751e8b465ee728b)  -> (artifact id: '0666bba4422499bdfd6d65a39e5e1414') in 0.017262 seconds 
========================================================================
Received Import Request.
  Time since last request: 0.010911 seconds.
  path: Assets/Wild West Western/Models/Fence_02.fbx
  artifactKey: Guid(1c16738f7e514c546888ad4d6a42d795) Importer(815301076,1909f56bfc062723c751e8b465ee728b)
Start importing Assets/Wild West Western/Models/Fence_02.fbx using Guid(1c16738f7e514c546888ad4d6a42d795) Importer(815301076,1909f56bfc062723c751e8b465ee728b)  -> (artifact id: '4b88516cb1489f25adab7e9df1bfd2cc') in 0.020017 seconds 
========================================================================
Received Import Request.
  Time since last request: 0.000549 seconds.
  path: Assets/Wild West Western/Models/Barn_01.fbx
  artifactKey: Guid(d09fa7fae47ed4249a28930813922c9a) Importer(815301076,1909f56bfc062723c751e8b465ee728b)
Start importing Assets/Wild West Western/Models/Barn_01.fbx using Guid(d09fa7fae47ed4249a28930813922c9a) Importer(815301076,1909f56bfc062723c751e8b465ee728b)  -> (artifact id: '6b1b96c7ed5144f214c36cdf61d32648') in 0.045288 seconds 
========================================================================
Received Import Request.
  Time since last request: 1.133746 seconds.
  path: Assets/Wild West Western/Models/Materials/Barn_02.mat
  artifactKey: Guid(4c22bb4e367ab43498104711512049e2) Importer(815301076,1909f56bfc062723c751e8b465ee728b)
Start importing Assets/Wild West Western/Models/Materials/Barn_02.mat using Guid(4c22bb4e367ab43498104711512049e2) Importer(815301076,1909f56bfc062723c751e8b465ee728b)  -> (artifact id: '29d081eb2e0bb2dca7abab6b9cfb5d66') in 0.158689 seconds 
========================================================================
Received Import Request.
  Time since last request: 0.001298 seconds.
  path: Assets/Wild West Western/Models/Materials/Tracks.mat
  artifactKey: Guid(1e93a0bc70c2cd140ac93b2fe658498b) Importer(815301076,1909f56bfc062723c751e8b465ee728b)
Start importing Assets/Wild West Western/Models/Materials/Tracks.mat using Guid(1e93a0bc70c2cd140ac93b2fe658498b) Importer(815301076,1909f56bfc062723c751e8b465ee728b)  -> (artifact id: 'd1562e515fc75afc0c23c3016971467b') in 0.012382 seconds 
========================================================================
Received Import Request.
  Time since last request: 0.000077 seconds.
  path: Assets/Wild West Western/Models/Materials/Coach.mat
  artifactKey: Guid(8f6f33be335cb8f4b8b237856e6a864c) Importer(815301076,1909f56bfc062723c751e8b465ee728b)
Start importing Assets/Wild West Western/Models/Materials/Coach.mat using Guid(8f6f33be335cb8f4b8b237856e6a864c) Importer(815301076,1909f56bfc062723c751e8b465ee728b)  -> (artifact id: 'c8fec2af8702fc2b4e1991092864bdfd') in 0.005765 seconds 
========================================================================
Received Import Request.
  Time since last request: 0.000271 seconds.
  path: Assets/Wild West Western/Models/Materials/House_Standard_01.mat
  artifactKey: Guid(7d7e99978af58284b94d1fad49f972f5) Importer(815301076,1909f56bfc062723c751e8b465ee728b)
Start importing Assets/Wild West Western/Models/Materials/House_Standard_01.mat using Guid(7d7e99978af58284b94d1fad49f972f5) Importer(815301076,1909f56bfc062723c751e8b465ee728b)  -> (artifact id: '8768df70b178c7ca788314d5dcd3736d') in 0.008231 seconds 
========================================================================
Received Import Request.
  Time since last request: 0.000579 seconds.
  path: Assets/Wild West Western/Models/Materials/Trolley.mat
  artifactKey: Guid(f335a9b276c9e4a46b381a3b913e6c84) Importer(815301076,1909f56bfc062723c751e8b465ee728b)
Start importing Assets/Wild West Western/Models/Materials/Trolley.mat using Guid(f335a9b276c9e4a46b381a3b913e6c84) Importer(815301076,1909f56bfc062723c751e8b465ee728b)  -> (artifact id: '5a0039eb59bfab1ca3af5f90ee26e505') in 0.009731 seconds 
========================================================================
Received Import Request.
  Time since last request: 0.003194 seconds.
  path: Assets/Wild West Western/Models/Materials/Fence_Wooden.mat
  artifactKey: Guid(5655c6520eb470a479286a5f7da8ab43) Importer(815301076,1909f56bfc062723c751e8b465ee728b)
Start importing Assets/Wild West Western/Models/Materials/Fence_Wooden.mat using Guid(5655c6520eb470a479286a5f7da8ab43) Importer(815301076,1909f56bfc062723c751e8b465ee728b)  -> (artifact id: '4a869abfe7492220961b97c3a7fa847b') in 0.009663 seconds 
========================================================================
Received Prepare
Registering precompiled user dll's ...
Registered in 0.001763 seconds.
Begin MonoManager ReloadAssembly
Thread 0x2939c7000 may have been prematurely finalized
Symbol file LoadedFromMemory doesn't match image /Users/muhammadalisafdar/Documents/M.A.S/GitHub/elgato777/elgato777/Library/PackageCache/com.unity.visualscripting@1.7.8/Editor/VisualScripting.Core/Dependencies/YamlDotNet/Unity.VisualScripting.YamlDotNet.dll
Symbol file LoadedFromMemory doesn't match image /Users/muhammadalisafdar/Documents/M.A.S/GitHub/elgato777/elgato777/Library/PackageCache/com.unity.visualscripting@1.7.8/Editor/VisualScripting.Core/Dependencies/DotNetZip/Unity.VisualScripting.IonicZip.dll
Native extension for OSXStandalone target not found
Refreshing native plugins compatible for Editor in 0.53 ms, found 2 plugins.
Preloading 0 native plugins for Editor in 0.00 ms.
Mono: successfully reloaded assembly
- Completed reload, in  0.659 seconds
Domain Reload Profiling:
	ReloadAssembly (659ms)
		BeginReloadAssembly (104ms)
			ExecutionOrderSort (0ms)
			DisableScriptedObjects (5ms)
			BackupInstance (0ms)
			ReleaseScriptingObjects (0ms)
			CreateAndSetChildDomain (43ms)
		EndReloadAssembly (497ms)
			LoadAssemblies (38ms)
			RebuildTransferFunctionScriptingTraits (0ms)
			SetupTypeCache (180ms)
			ReleaseScriptCaches (1ms)
			RebuildScriptCaches (28ms)
			SetupLoadedEditorAssemblies (228ms)
				LogAssemblyErrors (0ms)
				InitializePlatformSupportModulesInManaged (5ms)
				SetLoadedEditorAssemblies (0ms)
				RefreshPlugins (1ms)
				BeforeProcessingInitializeOnLoad (42ms)
				ProcessInitializeOnLoadAttributes (161ms)
				ProcessInitializeOnLoadMethodAttributes (18ms)
				AfterProcessingInitializeOnLoad (1ms)
				EditorAssembliesLoaded (0ms)
			ExecutionOrderSort2 (0ms)
			AwakeInstancesAfterBackupRestoration (2ms)
Platform modules already initialized, skipping
Refreshing native plugins compatible for Editor in 0.93 ms, found 2 plugins.
Preloading 0 native plugins for Editor in 0.00 ms.
Unloading 3535 Unused Serialized files (Serialized files now loaded: 0)
Unloading 22 unused Assets / (149.4 KB). Loaded Objects now: 4055.
Memory consumption went from 281.0 MB to 280.9 MB.
Total: 2.881125 ms (FindLiveObjects: 0.134833 ms CreateObjectMapping: 0.053792 ms MarkObjects: 2.602250 ms  DeleteObjects: 0.089625 ms)

AssetImportParameters requested are different than current active one (requested -> active):
  custom:video-decoder-ogg-theora: a1e56fd34408186e4bbccfd4996cb3dc -> 
  custom:container-muxer-webm: aa71ff27fc2769a1b78a27578f13a17b -> 
  custom:container-demuxer-webm: 4f35f7cbe854078d1ac9338744f61a02 -> 
  custom:video-encoder-webm-vp8: eb34c28f22e8b96e1ab97ce403110664 -> 
  custom:framework-osx-AVFoundation: e770b220cccbd017edd2c1fefb359320 -> 
  custom:audio-encoder-webm-vorbis: bf7c407c2cedff20999df2af8eb42d56 -> 
  custom:container-demuxer-ogg: 62fdf1f143b41e24485cea50d1cbac27 -> 
  custom:video-decoder-webm-vp8: 9c59270c3fd7afecdb556c50c9e8de78 -> 
  custom:audio-decoder-ogg-vorbis: bf7c407c2cedff20999df2af8eb42d56 -> 
========================================================================
Received Prepare
Registering precompiled user dll's ...
Registered in 0.001703 seconds.
Begin MonoManager ReloadAssembly
Thread 0x288a9f000 may have been prematurely finalized
Symbol file LoadedFromMemory doesn't match image /Users/muhammadalisafdar/Documents/M.A.S/GitHub/elgato777/elgato777/Library/PackageCache/com.unity.visualscripting@1.7.8/Editor/VisualScripting.Core/Dependencies/YamlDotNet/Unity.VisualScripting.YamlDotNet.dll
Symbol file LoadedFromMemory doesn't match image /Users/muhammadalisafdar/Documents/M.A.S/GitHub/elgato777/elgato777/Library/PackageCache/com.unity.visualscripting@1.7.8/Editor/VisualScripting.Core/Dependencies/DotNetZip/Unity.VisualScripting.IonicZip.dll
Native extension for OSXStandalone target not found
Refreshing native plugins compatible for Editor in 0.46 ms, found 3 plugins.
Preloading 0 native plugins for Editor in 0.00 ms.
Mono: successfully reloaded assembly
- Completed reload, in  0.752 seconds
Domain Reload Profiling:
	ReloadAssembly (752ms)
		BeginReloadAssembly (126ms)
			ExecutionOrderSort (0ms)
			DisableScriptedObjects (3ms)
			BackupInstance (0ms)
			ReleaseScriptingObjects (0ms)
			CreateAndSetChildDomain (43ms)
		EndReloadAssembly (526ms)
			LoadAssemblies (66ms)
			RebuildTransferFunctionScriptingTraits (0ms)
			SetupTypeCache (196ms)
			ReleaseScriptCaches (1ms)
			RebuildScriptCaches (34ms)
			SetupLoadedEditorAssemblies (232ms)
				LogAssemblyErrors (0ms)
				InitializePlatformSupportModulesInManaged (6ms)
				SetLoadedEditorAssemblies (0ms)
				RefreshPlugins (0ms)
				BeforeProcessingInitializeOnLoad (44ms)
				ProcessInitializeOnLoadAttributes (162ms)
				ProcessInitializeOnLoadMethodAttributes (18ms)
				AfterProcessingInitializeOnLoad (2ms)
				EditorAssembliesLoaded (0ms)
			ExecutionOrderSort2 (0ms)
			AwakeInstancesAfterBackupRestoration (2ms)
Platform modules already initialized, skipping
Refreshing native plugins compatible for Editor in 1.67 ms, found 3 plugins.
Preloading 0 native plugins for Editor in 0.00 ms.
Unloading 3676 Unused Serialized files (Serialized files now loaded: 0)
Unloading 32 unused Assets / (350.6 KB). Loaded Objects now: 4201.
Memory consumption went from 291.7 MB to 291.4 MB.
Total: 2.407291 ms (FindLiveObjects: 0.132333 ms CreateObjectMapping: 0.044667 ms MarkObjects: 2.089958 ms  DeleteObjects: 0.139666 ms)

AssetImportParameters requested are different than current active one (requested -> active):
  custom:video-decoder-ogg-theora: a1e56fd34408186e4bbccfd4996cb3dc -> 
  custom:container-muxer-webm: aa71ff27fc2769a1b78a27578f13a17b -> 
  custom:container-demuxer-webm: 4f35f7cbe854078d1ac9338744f61a02 -> 
  custom:video-encoder-webm-vp8: eb34c28f22e8b96e1ab97ce403110664 -> 
  custom:framework-osx-AVFoundation: e770b220cccbd017edd2c1fefb359320 -> 
  custom:audio-encoder-webm-vorbis: bf7c407c2cedff20999df2af8eb42d56 -> 
  custom:container-demuxer-ogg: 62fdf1f143b41e24485cea50d1cbac27 -> 
  custom:video-decoder-webm-vp8: 9c59270c3fd7afecdb556c50c9e8de78 -> 
  custom:audio-decoder-ogg-vorbis: bf7c407c2cedff20999df2af8eb42d56 -> 
========================================================================
Received Prepare
Registering precompiled user dll's ...
Registered in 0.002100 seconds.
Begin MonoManager ReloadAssembly
Thread 0x288a9f000 may have been prematurely finalized
Symbol file LoadedFromMemory doesn't match image /Users/muhammadalisafdar/Documents/M.A.S/GitHub/elgato777/elgato777/Library/PackageCache/com.unity.visualscripting@1.7.8/Editor/VisualScripting.Core/Dependencies/YamlDotNet/Unity.VisualScripting.YamlDotNet.dll
Symbol file LoadedFromMemory doesn't match image /Users/muhammadalisafdar/Documents/M.A.S/GitHub/elgato777/elgato777/Library/PackageCache/com.unity.visualscripting@1.7.8/Editor/VisualScripting.Core/Dependencies/DotNetZip/Unity.VisualScripting.IonicZip.dll
Native extension for OSXStandalone target not found
Refreshing native plugins compatible for Editor in 0.82 ms, found 3 plugins.
Preloading 0 native plugins for Editor in 0.00 ms.
Mono: successfully reloaded assembly
- Completed reload, in  0.873 seconds
Domain Reload Profiling:
	ReloadAssembly (874ms)
		BeginReloadAssembly (127ms)
			ExecutionOrderSort (0ms)
			DisableScriptedObjects (3ms)
			BackupInstance (0ms)
			ReleaseScriptingObjects (0ms)
			CreateAndSetChildDomain (50ms)
		EndReloadAssembly (673ms)
			LoadAssemblies (83ms)
			RebuildTransferFunctionScriptingTraits (0ms)
			SetupTypeCache (194ms)
			ReleaseScriptCaches (2ms)
			RebuildScriptCaches (38ms)
			SetupLoadedEditorAssemblies (332ms)
				LogAssemblyErrors (0ms)
				InitializePlatformSupportModulesInManaged (6ms)
				SetLoadedEditorAssemblies (1ms)
				RefreshPlugins (1ms)
				BeforeProcessingInitializeOnLoad (46ms)
				ProcessInitializeOnLoadAttributes (250ms)
				ProcessInitializeOnLoadMethodAttributes (27ms)
				AfterProcessingInitializeOnLoad (1ms)
				EditorAssembliesLoaded (0ms)
			ExecutionOrderSort2 (0ms)
			AwakeInstancesAfterBackupRestoration (3ms)
Platform modules already initialized, skipping
Refreshing native plugins compatible for Editor in 1.07 ms, found 3 plugins.
Preloading 0 native plugins for Editor in 0.00 ms.
Unloading 4051 Unused Serialized files (Serialized files now loaded: 0)
Unloading 52 unused Assets / (2.2 MB). Loaded Objects now: 4572.
Memory consumption went from 311.2 MB to 309.0 MB.
Total: 3.724500 ms (FindLiveObjects: 0.153125 ms CreateObjectMapping: 0.092667 ms MarkObjects: 2.729041 ms  DeleteObjects: 0.748875 ms)

AssetImportParameters requested are different than current active one (requested -> active):
  custom:video-decoder-ogg-theora: a1e56fd34408186e4bbccfd4996cb3dc -> 
  custom:container-muxer-webm: aa71ff27fc2769a1b78a27578f13a17b -> 
  custom:container-demuxer-webm: 4f35f7cbe854078d1ac9338744f61a02 -> 
  custom:video-encoder-webm-vp8: eb34c28f22e8b96e1ab97ce403110664 -> 
  custom:framework-osx-AVFoundation: e770b220cccbd017edd2c1fefb359320 -> 
  custom:audio-encoder-webm-vorbis: bf7c407c2cedff20999df2af8eb42d56 -> 
  custom:container-demuxer-ogg: 62fdf1f143b41e24485cea50d1cbac27 -> 
  custom:video-decoder-webm-vp8: 9c59270c3fd7afecdb556c50c9e8de78 -> 
  custom:audio-decoder-ogg-vorbis: bf7c407c2cedff20999df2af8eb42d56 -> 
========================================================================
Received Import Request.
  Time since last request: 1252.157200 seconds.
  path: Assets/Scripts
  artifactKey: Guid(eb422394655594b48820fc69614579a7) Importer(815301076,1909f56bfc062723c751e8b465ee728b)
Start importing Assets/Scripts using Guid(eb422394655594b48820fc69614579a7) Importer(815301076,1909f56bfc062723c751e8b465ee728b)  -> (artifact id: '8041552b6c4e44650a9db00bed0136c3') in 0.025449 seconds 
========================================================================
Received Import Request.
  Time since last request: 10.959571 seconds.
  path: Assets/Models
  artifactKey: Guid(064fc1ad7ab0747c3a4035ee2503f321) Importer(815301076,1909f56bfc062723c751e8b465ee728b)
Start importing Assets/Models using Guid(064fc1ad7ab0747c3a4035ee2503f321) Importer(815301076,1909f56bfc062723c751e8b465ee728b)  -> (artifact id: 'c44ac283130c05aeac8f5f2fa6e97772') in 0.000841 seconds 
========================================================================
Received Import Request.
  Time since last request: 12.576187 seconds.
  path: Assets/Prefab
  artifactKey: Guid(6059d5a312c184c39a036f53fb4be7b5) Importer(815301076,1909f56bfc062723c751e8b465ee728b)
Start importing Assets/Prefab using Guid(6059d5a312c184c39a036f53fb4be7b5) Importer(815301076,1909f56bfc062723c751e8b465ee728b)  -> (artifact id: 'f978ea8215d82c9e944241680abf6a9c') in 0.000892 seconds 
========================================================================
Received Import Request.
  Time since last request: 2140.313100 seconds.
  path: Assets/Models/source-2
  artifactKey: Guid(b510b9db5370d433ba9eeedd9cf5a620) Importer(815301076,1909f56bfc062723c751e8b465ee728b)
Start importing Assets/Models/source-2 using Guid(b510b9db5370d433ba9eeedd9cf5a620) Importer(815301076,1909f56bfc062723c751e8b465ee728b)  -> (artifact id: '584b25df6dced9656640a1a39acdeb08') in 0.013449 seconds 
========================================================================
Received Import Request.
  Time since last request: 19.443052 seconds.
  path: Assets/Models/source-2/mccreescetchfab.blend
  artifactKey: Guid(007c0d3d112da40f39d760769ab50a69) Importer(815301076,1909f56bfc062723c751e8b465ee728b)
Start importing Assets/Models/source-2/mccreescetchfab.blend using Guid(007c0d3d112da40f39d760769ab50a69) Importer(815301076,1909f56bfc062723c751e8b465ee728b)  -> (artifact id: 'e247b8bfe82cd4604d9a96511f573090') in 0.583463 seconds 
========================================================================
Received Import Request.
  Time since last request: 85.224910 seconds.
  path: Assets/Land.mat
  artifactKey: Guid(c8c56767782594f25a9f7fe1c9afb7cf) Importer(815301076,1909f56bfc062723c751e8b465ee728b)
Start importing Assets/Land.mat using Guid(c8c56767782594f25a9f7fe1c9afb7cf) Importer(815301076,1909f56bfc062723c751e8b465ee728b)  -> (artifact id: '8a4a1314782157d3cf52fade3da62a4f') in 0.048940 seconds 
========================================================================
Received Import Request.
  Time since last request: 20.805446 seconds.
  path: Packages/com.unity.probuilder/Content/Icons/Toolbar/Background/AccentBar_Bottom.png
  artifactKey: Guid(19fabf6370255433fa736008910e1bf2) Importer(815301076,1909f56bfc062723c751e8b465ee728b)
Start importing Packages/com.unity.probuilder/Content/Icons/Toolbar/Background/AccentBar_Bottom.png using Guid(19fabf6370255433fa736008910e1bf2) Importer(815301076,1909f56bfc062723c751e8b465ee728b)  -> (artifact id: 'f689c32d114b44ea34bf7afa8e16859d') in 0.479087 seconds 
========================================================================
Received Import Request.
  Time since last request: 0.000081 seconds.
  path: Packages/com.unity.probuilder/Content/Icons/Toolbar/AltButton_Hover.png
  artifactKey: Guid(d4f4647229a9f47a3b8739dad2c59db5) Importer(815301076,1909f56bfc062723c751e8b465ee728b)
Start importing Packages/com.unity.probuilder/Content/Icons/Toolbar/AltButton_Hover.png using Guid(d4f4647229a9f47a3b8739dad2c59db5) Importer(815301076,1909f56bfc062723c751e8b465ee728b)  -> (artifact id: '79d4c6788c362fe6351125a1e6519f2e') in 0.007649 seconds 
========================================================================
Received Import Request.
  Time since last request: 0.000056 seconds.
  path: Packages/com.unity.probuilder/Content/Icons/Tools/ShapeTool/Arch_Light.png
  artifactKey: Guid(ba8d0d3e2af01a442b80960299ed9d2e) Importer(815301076,1909f56bfc062723c751e8b465ee728b)
Start importing Packages/com.unity.probuilder/Content/Icons/Tools/ShapeTool/Arch_Light.png using Guid(ba8d0d3e2af01a442b80960299ed9d2e) Importer(815301076,1909f56bfc062723c751e8b465ee728b)  -> (artifact id: 'a0d5d4175baa5e8d54b0ea8055b195fa') in 0.007146 seconds 
========================================================================
Received Import Request.
  Time since last request: 0.000055 seconds.
  path: Packages/com.unity.collab-proxy/Editor/Collaborate/Assets/Icons/back-light.png
  artifactKey: Guid(e676ab7aa99535447a763c9f88bf9260) Importer(815301076,1909f56bfc062723c751e8b465ee728b)
Start importing Packages/com.unity.collab-proxy/Editor/Collaborate/Assets/Icons/back-light.png using Guid(e676ab7aa99535447a763c9f88bf9260) Importer(815301076,1909f56bfc062723c751e8b465ee728b)  -> (artifact id: '3580beb3466a11a713809103c86f2009') in 0.005599 seconds 
========================================================================
Received Import Request.
  Time since last request: 0.000096 seconds.
  path: Packages/com.unity.textmeshpro/Editor Resources/Textures/btn_AlignBaseLine_Light.psd
  artifactKey: Guid(18775b51e3bd42299fd30bd036ea982f) Importer(815301076,1909f56bfc062723c751e8b465ee728b)
Start importing Packages/com.unity.textmeshpro/Editor Resources/Textures/btn_AlignBaseLine_Light.psd using Guid(18775b51e3bd42299fd30bd036ea982f) Importer(815301076,1909f56bfc062723c751e8b465ee728b)  -> (artifact id: '7e03cab52d314325cd7b5dcaf6307ca0') in 0.012338 seconds 
========================================================================
Received Import Request.
  Time since last request: 0.000057 seconds.
  path: Packages/com.unity.probuilder/Content/Icons/Tools/ShapeTool/on/Arch.png
  artifactKey: Guid(59174e0e17d65334da602fa20193c69e) Importer(815301076,1909f56bfc062723c751e8b465ee728b)
Start importing Packages/com.unity.probuilder/Content/Icons/Tools/ShapeTool/on/Arch.png using Guid(59174e0e17d65334da602fa20193c69e) Importer(815301076,1909f56bfc062723c751e8b465ee728b)  -> (artifact id: 'a66ef29d893f423d0b0da6b7c134e8b2') in 0.007331 seconds 
========================================================================
Received Import Request.
  Time since last request: 0.000077 seconds.
  path: Packages/com.unity.collab-proxy/Editor/Collaborate/Assets/Icons/back-dark@2x.png
  artifactKey: Guid(9c6313a5316f8a34b852bf94ff96e3ab) Importer(815301076,1909f56bfc062723c751e8b465ee728b)
Start importing Packages/com.unity.collab-proxy/Editor/Collaborate/Assets/Icons/back-dark@2x.png using Guid(9c6313a5316f8a34b852bf94ff96e3ab) Importer(815301076,1909f56bfc062723c751e8b465ee728b)  -> (artifact id: '00e18c5ffd3b7e8c54f113cf0bdc0fae') in 0.006888 seconds 
========================================================================
Received Import Request.
  Time since last request: 0.000065 seconds.
  path: Packages/com.unity.probuilder/Content/Icons/Toolbar/Bezier_Mirrored.png
  artifactKey: Guid(ef7e9b1becafe43e08ebc38b881ce60d) Importer(815301076,1909f56bfc062723c751e8b465ee728b)
Start importing Packages/com.unity.probuilder/Content/Icons/Toolbar/Bezier_Mirrored.png using Guid(ef7e9b1becafe43e08ebc38b881ce60d) Importer(815301076,1909f56bfc062723c751e8b465ee728b)  -> (artifact id: '1e5194067b493fdabae7deb06d9c555c') in 0.011598 seconds 
========================================================================
Received Import Request.
  Time since last request: 0.000078 seconds.
  path: Packages/com.unity.collab-proxy/Editor/Collaborate/Assets/Icons/added-file-light.png
  artifactKey: Guid(397fff6c3885f8343bb65714f0064b5d) Importer(815301076,1909f56bfc062723c751e8b465ee728b)
Start importing Packages/com.unity.collab-proxy/Editor/Collaborate/Assets/Icons/added-file-light.png using Guid(397fff6c3885f8343bb65714f0064b5d) Importer(815301076,1909f56bfc062723c751e8b465ee728b)  -> (artifact id: '879754008a5bb1e5409f8b4c0634293a') in 0.006049 seconds 
========================================================================
Received Import Request.
  Time since last request: 0.000054 seconds.
  path: Packages/com.unity.textmeshpro/Editor Resources/Textures/btn_AlignBottom_Light.psd
  artifactKey: Guid(585b70cb75dd43efbfead809c30a1731) Importer(815301076,1909f56bfc062723c751e8b465ee728b)
Start importing Packages/com.unity.textmeshpro/Editor Resources/Textures/btn_AlignBottom_Light.psd using Guid(585b70cb75dd43efbfead809c30a1731) Importer(815301076,1909f56bfc062723c751e8b465ee728b)  -> (artifact id: '9e58b5ee1d12a7f73869dfbe9d37b354') in 0.011916 seconds 
========================================================================
Received Import Request.
  Time since last request: 0.000050 seconds.
  path: Packages/com.unity.probuilder/Content/Icons/Tools/ShapeTool/Arch.png
  artifactKey: Guid(daaddaa51d20cb14a971727d2576c391) Importer(815301076,1909f56bfc062723c751e8b465ee728b)
Start importing Packages/com.unity.probuilder/Content/Icons/Tools/ShapeTool/Arch.png using Guid(daaddaa51d20cb14a971727d2576c391) Importer(815301076,1909f56bfc062723c751e8b465ee728b)  -> (artifact id: '9633559bc5af0bf152d0cf8c200da74c') in 0.005458 seconds 
========================================================================
Received Import Request.
  Time since last request: 0.000071 seconds.
  path: Packages/com.unity.textmeshpro/Editor Resources/Textures/btn_AlignBottom.psd
  artifactKey: Guid(ca51b19024094d1b87f3e07edb0a75fb) Importer(815301076,1909f56bfc062723c751e8b465ee728b)
Start importing Packages/com.unity.textmeshpro/Editor Resources/Textures/btn_AlignBottom.psd using Guid(ca51b19024094d1b87f3e07edb0a75fb) Importer(815301076,1909f56bfc062723c751e8b465ee728b)  -> (artifact id: '1057c4488ba2c7c572f9c8273bda460f') in 0.012942 seconds 
========================================================================
Received Import Request.
  Time since last request: 0.000109 seconds.
  path: Packages/com.unity.collab-proxy/Editor/Collaborate/Assets/Icons/back-dark.png
  artifactKey: Guid(8e3ec2dfd58b79842aa78376678a9a05) Importer(815301076,1909f56bfc062723c751e8b465ee728b)
Start importing Packages/com.unity.collab-proxy/Editor/Collaborate/Assets/Icons/back-dark.png using Guid(8e3ec2dfd58b79842aa78376678a9a05) Importer(815301076,1909f56bfc062723c751e8b465ee728b)  -> (artifact id: '203c7d2a272db8447314ce78c0371e02') in 0.010540 seconds 
========================================================================
Received Import Request.
  Time since last request: 0.000485 seconds.
  path: Packages/com.unity.probuilder/Content/Icons/Toolbar/Bezier_Aligned.png
  artifactKey: Guid(bf4846dc2a1a844a29268dbc71f1c454) Importer(815301076,1909f56bfc062723c751e8b465ee728b)
Start importing Packages/com.unity.probuilder/Content/Icons/Toolbar/Bezier_Aligned.png using Guid(bf4846dc2a1a844a29268dbc71f1c454) Importer(815301076,1909f56bfc062723c751e8b465ee728b)  -> (artifact id: 'ff4ef152832329f0b85bbfaa4b0bb409') in 0.007681 seconds 
========================================================================
Received Import Request.
  Time since last request: 0.004137 seconds.
  path: Packages/com.unity.textmeshpro/Editor Resources/Textures/btn_AlignCapLine_Light.psd
  artifactKey: Guid(49679f302ac6408697f6b9314a38985c) Importer(815301076,1909f56bfc062723c751e8b465ee728b)
Start importing Packages/com.unity.textmeshpro/Editor Resources/Textures/btn_AlignCapLine_Light.psd using Guid(49679f302ac6408697f6b9314a38985c) Importer(815301076,1909f56bfc062723c751e8b465ee728b)  -> (artifact id: 'ea11a04629107c8e5db6d71e767799bc') in 0.006448 seconds 
========================================================================
Received Import Request.
  Time since last request: 1.050589 seconds.
  path: Packages/com.unity.textmeshpro/Editor Resources/Textures/btn_AlignCenter_Light.psd
  artifactKey: Guid(6ace62d30f494c948b71d5594afce11d) Importer(815301076,1909f56bfc062723c751e8b465ee728b)
Start importing Packages/com.unity.textmeshpro/Editor Resources/Textures/btn_AlignCenter_Light.psd using Guid(6ace62d30f494c948b71d5594afce11d) Importer(815301076,1909f56bfc062723c751e8b465ee728b)  -> (artifact id: '5563df126d7d468c8d0af5d5033a31eb') in 0.007948 seconds 
========================================================================
Received Import Request.
  Time since last request: 0.002368 seconds.
  path: Packages/com.unity.textmeshpro/Editor Resources/Textures/btn_AlignFlush_Light.psd
  artifactKey: Guid(64b9fad609434c489c32b1cdf2004a1c) Importer(815301076,1909f56bfc062723c751e8b465ee728b)
Start importing Packages/com.unity.textmeshpro/Editor Resources/Textures/btn_AlignFlush_Light.psd using Guid(64b9fad609434c489c32b1cdf2004a1c) Importer(815301076,1909f56bfc062723c751e8b465ee728b)  -> (artifact id: 'c55db47196d734f1eeca776bf25a1b9f') in 0.007387 seconds 
========================================================================
Received Import Request.
  Time since last request: 0.000056 seconds.
  path: Packages/com.unity.textmeshpro/Editor Resources/Textures/btn_AlignCenterGeo_Light.psd
  artifactKey: Guid(35ff0937876540d3bd4b6a941df62a92) Importer(815301076,1909f56bfc062723c751e8b465ee728b)
Start importing Packages/com.unity.textmeshpro/Editor Resources/Textures/btn_AlignCenterGeo_Light.psd using Guid(35ff0937876540d3bd4b6a941df62a92) Importer(815301076,1909f56bfc062723c751e8b465ee728b)  -> (artifact id: '1aabeed737db45af41836024a52d07a0') in 0.009410 seconds 
========================================================================
Received Import Request.
  Time since last request: 0.424033 seconds.
  path: Packages/com.unity.textmeshpro/Editor Resources/Textures/btn_AlignJustified_Light.psd
  artifactKey: Guid(fa6bd40a216346b783a4cce741d277a5) Importer(815301076,1909f56bfc062723c751e8b465ee728b)
Start importing Packages/com.unity.textmeshpro/Editor Resources/Textures/btn_AlignJustified_Light.psd using Guid(fa6bd40a216346b783a4cce741d277a5) Importer(815301076,1909f56bfc062723c751e8b465ee728b)  -> (artifact id: 'b437d2589a2c85ae7ff949cb47c7c66c') in 0.004944 seconds 
========================================================================
Received Import Request.
  Time since last request: 0.001924 seconds.
  path: Packages/com.unity.textmeshpro/Editor Resources/Textures/btn_AlignMiddle_Light.psd
  artifactKey: Guid(066619c9c9c84f89acb1b48c11a7efe2) Importer(815301076,1909f56bfc062723c751e8b465ee728b)
Start importing Packages/com.unity.textmeshpro/Editor Resources/Textures/btn_AlignMiddle_Light.psd using Guid(066619c9c9c84f89acb1b48c11a7efe2) Importer(815301076,1909f56bfc062723c751e8b465ee728b)  -> (artifact id: 'eb15b632b9caf49c7396fdda23095849') in 0.006730 seconds 
========================================================================
Received Import Request.
  Time since last request: 0.000080 seconds.
  path: Packages/com.unity.textmeshpro/Editor Resources/Textures/btn_AlignMiddle.psd
  artifactKey: Guid(41b96614b2e6494ba995ddcd252d11ae) Importer(815301076,1909f56bfc062723c751e8b465ee728b)
Start importing Packages/com.unity.textmeshpro/Editor Resources/Textures/btn_AlignMiddle.psd using Guid(41b96614b2e6494ba995ddcd252d11ae) Importer(815301076,1909f56bfc062723c751e8b465ee728b)  -> (artifact id: '3e85ec620382fa0db5ea8b5c64377c18') in 0.005594 seconds 
========================================================================
Received Import Request.
  Time since last request: 0.006754 seconds.
  path: Packages/com.unity.textmeshpro/Editor Resources/Textures/btn_AlignMidline_Light.psd
  artifactKey: Guid(bb42b2d967d6427983c901a4ffc8ecd9) Importer(815301076,1909f56bfc062723c751e8b465ee728b)
Start importing Packages/com.unity.textmeshpro/Editor Resources/Textures/btn_AlignMidline_Light.psd using Guid(bb42b2d967d6427983c901a4ffc8ecd9) Importer(815301076,1909f56bfc062723c751e8b465ee728b)  -> (artifact id: 'a8329fc22373fe0419a58bcb4efc10a9') in 0.005599 seconds 
========================================================================
Received Import Request.
  Time since last request: 0.000063 seconds.
  path: Packages/com.unity.probuilder/Content/Icons/Toolbar/Button_Hover.png
  artifactKey: Guid(46d3dcf42ff5c4ccf805503767dae289) Importer(815301076,1909f56bfc062723c751e8b465ee728b)
Start importing Packages/com.unity.probuilder/Content/Icons/Toolbar/Button_Hover.png using Guid(46d3dcf42ff5c4ccf805503767dae289) Importer(815301076,1909f56bfc062723c751e8b465ee728b)  -> (artifact id: '6455325da781b400520da7a3c28db4b0') in 0.005046 seconds 
========================================================================
Received Import Request.
  Time since last request: 0.000060 seconds.
  path: Packages/com.unity.textmeshpro/Editor Resources/Textures/btn_AlignTop.psd
  artifactKey: Guid(48d034c499ee4697af9dd6e327110249) Importer(815301076,1909f56bfc062723c751e8b465ee728b)
Start importing Packages/com.unity.textmeshpro/Editor Resources/Textures/btn_AlignTop.psd using Guid(48d034c499ee4697af9dd6e327110249) Importer(815301076,1909f56bfc062723c751e8b465ee728b)  -> (artifact id: '809421bb8875b0231c1a7f79d4821ddf') in 0.006226 seconds 
========================================================================
Received Import Request.
  Time since last request: 0.300173 seconds.
  path: Packages/com.unity.probuilder/Content/Icons/Toolbar/Button_Hover_Horizontal.png
  artifactKey: Guid(942688bbdf9e1427a96370f9a35d7fbf) Importer(815301076,1909f56bfc062723c751e8b465ee728b)
Start importing Packages/com.unity.probuilder/Content/Icons/Toolbar/Button_Hover_Horizontal.png using Guid(942688bbdf9e1427a96370f9a35d7fbf) Importer(815301076,1909f56bfc062723c751e8b465ee728b)  -> (artifact id: '7c91315b5d77bc029f283f3c7c74bf7c') in 0.007937 seconds 
========================================================================
Received Import Request.
  Time since last request: 0.000388 seconds.
  path: Packages/com.unity.collab-proxy/Editor/PlasticSCM/Assets/Images/buttonssosigninunity.png
  artifactKey: Guid(f9161c6c9e06dc445ada3ee16d991f90) Importer(815301076,1909f56bfc062723c751e8b465ee728b)
Start importing Packages/com.unity.collab-proxy/Editor/PlasticSCM/Assets/Images/buttonssosigninunity.png using Guid(f9161c6c9e06dc445ada3ee16d991f90) Importer(815301076,1909f56bfc062723c751e8b465ee728b)  -> (artifact id: '37af24cfe3c997cb5fa4ac859e375246') in 0.026648 seconds 
========================================================================
Received Import Request.
  Time since last request: 0.002657 seconds.
  path: Packages/com.unity.probuilder/Content/Icons/Tools/ShapeTool/Capsule@2x_Light.png
  artifactKey: Guid(f61b79a28586a4e4a8e9ecf76632a32f) Importer(815301076,1909f56bfc062723c751e8b465ee728b)
Start importing Packages/com.unity.probuilder/Content/Icons/Tools/ShapeTool/Capsule@2x_Light.png using Guid(f61b79a28586a4e4a8e9ecf76632a32f) Importer(815301076,1909f56bfc062723c751e8b465ee728b)  -> (artifact id: 'c137ba0a6785723cf7494f5e1d2cd81a') in 0.004814 seconds 
========================================================================
Received Import Request.
  Time since last request: 0.000080 seconds.
  path: Assets/CharacterPack Lowpoly (FREE)/Textures/characters_map.png
  artifactKey: Guid(4bd33e1e21997ce40943100eae6b272c) Importer(815301076,1909f56bfc062723c751e8b465ee728b)
Start importing Assets/CharacterPack Lowpoly (FREE)/Textures/characters_map.png using Guid(4bd33e1e21997ce40943100eae6b272c) Importer(815301076,1909f56bfc062723c751e8b465ee728b)  -> (artifact id: '7445e858d251eb86fc16a59b7dc734bf') in 0.007221 seconds 
========================================================================
Received Import Request.
  Time since last request: 0.000060 seconds.
  path: Packages/com.unity.collab-proxy/Editor/PlasticSCM/Assets/Images/buttonssosigninemail.png
  artifactKey: Guid(d24e7e0b75e1a244bb9687d6fd4315ef) Importer(815301076,1909f56bfc062723c751e8b465ee728b)
Start importing Packages/com.unity.collab-proxy/Editor/PlasticSCM/Assets/Images/buttonssosigninemail.png using Guid(d24e7e0b75e1a244bb9687d6fd4315ef) Importer(815301076,1909f56bfc062723c751e8b465ee728b)  -> (artifact id: '08bb1d74a1829138b351417bcfe64a2a') in 0.011248 seconds 
========================================================================
Received Import Request.
  Time since last request: 0.002789 seconds.
  path: Packages/com.unity.probuilder/Content/Icons/Tools/ShapeTool/Capsule.png
  artifactKey: Guid(fb63a06c07bc813469fd253c3b48b93c) Importer(815301076,1909f56bfc062723c751e8b465ee728b)
Start importing Packages/com.unity.probuilder/Content/Icons/Tools/ShapeTool/Capsule.png using Guid(fb63a06c07bc813469fd253c3b48b93c) Importer(815301076,1909f56bfc062723c751e8b465ee728b)  -> (artifact id: '3fd7dbea76ea3d3f58dc0902ee026fa7') in 0.005184 seconds 
========================================================================
Received Import Request.
  Time since last request: 0.000074 seconds.
  path: Packages/com.unity.probuilder/Content/Icons/Toolbar/Button_Normal_Horizontal.png
  artifactKey: Guid(2784dca559ce34a9a8e44028c547a3a0) Importer(815301076,1909f56bfc062723c751e8b465ee728b)
Start importing Packages/com.unity.probuilder/Content/Icons/Toolbar/Button_Normal_Horizontal.png using Guid(2784dca559ce34a9a8e44028c547a3a0) Importer(815301076,1909f56bfc062723c751e8b465ee728b)  -> (artifact id: '08103ab9c438057b2615fcc6d5fc5e59') in 0.005496 seconds 
========================================================================
Received Import Request.
  Time since last request: 0.000073 seconds.
  path: Packages/com.unity.collab-proxy/Editor/Collaborate/Assets/Icons/choose-mine-dark@2x.png
  artifactKey: Guid(39c95c5cb14167543b9aa5908c94bb71) Importer(815301076,1909f56bfc062723c751e8b465ee728b)
Start importing Packages/com.unity.collab-proxy/Editor/Collaborate/Assets/Icons/choose-mine-dark@2x.png using Guid(39c95c5cb14167543b9aa5908c94bb71) Importer(815301076,1909f56bfc062723c751e8b465ee728b)  -> (artifact id: 'e3d7438bab97d7b289f2ae6cda8e4818') in 0.005132 seconds 
========================================================================
Received Import Request.
  Time since last request: 0.002655 seconds.
  path: Packages/com.unity.collab-proxy/Editor/Collaborate/Assets/Icons/choose-remote-light.png
  artifactKey: Guid(78f56e873f56d7943aef2a039430732e) Importer(815301076,1909f56bfc062723c751e8b465ee728b)
Start importing Packages/com.unity.collab-proxy/Editor/Collaborate/Assets/Icons/choose-remote-light.png using Guid(78f56e873f56d7943aef2a039430732e) Importer(815301076,1909f56bfc062723c751e8b465ee728b)  -> (artifact id: '3c7f5a713f7ec155457510b2219d0a4b') in 0.004708 seconds 
========================================================================
Received Import Request.
  Time since last request: 0.000055 seconds.
  path: Packages/com.unity.collab-proxy/Editor/Collaborate/Assets/Icons/choose-mine-light.png
  artifactKey: Guid(2c0bdcbf152ceb64ba9b01cc370a9092) Importer(815301076,1909f56bfc062723c751e8b465ee728b)
Start importing Packages/com.unity.collab-proxy/Editor/Collaborate/Assets/Icons/choose-mine-light.png using Guid(2c0bdcbf152ceb64ba9b01cc370a9092) Importer(815301076,1909f56bfc062723c751e8b465ee728b)  -> (artifact id: 'a73cb68af9aa2840f99439b429cf9ea7') in 0.005228 seconds 
========================================================================
Received Import Request.
  Time since last request: 0.000043 seconds.
  path: Packages/com.unity.cinemachine/Editor/EditorResources/Cinemachine_header.tif
  artifactKey: Guid(372fe04232d5ed94d8d71524616c1543) Importer(815301076,1909f56bfc062723c751e8b465ee728b)
Start importing Packages/com.unity.cinemachine/Editor/EditorResources/Cinemachine_header.tif using Guid(372fe04232d5ed94d8d71524616c1543) Importer(815301076,1909f56bfc062723c751e8b465ee728b)  -> (artifact id: '922ef437a9d96c90e3b0399be9433101') in 0.665402 seconds 
========================================================================
Received Import Request.
  Time since last request: 4.905403 seconds.
  path: Assets/Handpainted_Grass_and_Ground_Textures
  artifactKey: Guid(bbf87833a33f44395b3af609894d6660) Importer(815301076,1909f56bfc062723c751e8b465ee728b)
Start importing Assets/Handpainted_Grass_and_Ground_Textures using Guid(bbf87833a33f44395b3af609894d6660) Importer(815301076,1909f56bfc062723c751e8b465ee728b)  -> (artifact id: '28782887bbc6798f3afaeb6e4b6562f4') in 0.001151 seconds 
========================================================================
Received Import Request.
  Time since last request: 1.165933 seconds.
  path: Assets/Handpainted_Grass_and_Ground_Textures/Textures
  artifactKey: Guid(547dc1e76fb957e40b1d76175f4d934c) Importer(815301076,1909f56bfc062723c751e8b465ee728b)
Start importing Assets/Handpainted_Grass_and_Ground_Textures/Textures using Guid(547dc1e76fb957e40b1d76175f4d934c) Importer(815301076,1909f56bfc062723c751e8b465ee728b)  -> (artifact id: '136fea33d76f6e449842166939b2060c') in 0.000986 seconds 
========================================================================
Received Import Request.
  Time since last request: 2.452890 seconds.
  path: Assets/Handpainted_Grass_and_Ground_Textures/Textures/Dirt
  artifactKey: Guid(22083d95b4249964287aee78fd90c573) Importer(815301076,1909f56bfc062723c751e8b465ee728b)
Start importing Assets/Handpainted_Grass_and_Ground_Textures/Textures/Dirt using Guid(22083d95b4249964287aee78fd90c573) Importer(815301076,1909f56bfc062723c751e8b465ee728b)  -> (artifact id: '1bbbf713fa5ccb0baa195d6595309ece') in 0.000933 seconds 
========================================================================
Received Import Request.
  Time since last request: 1.606512 seconds.
  path: Assets/Handpainted_Grass_and_Ground_Textures/Textures/Dirt/dirt_clay
  artifactKey: Guid(9e6773a1ffed3674d89c63d078c1ea4f) Importer(815301076,1909f56bfc062723c751e8b465ee728b)
Start importing Assets/Handpainted_Grass_and_Ground_Textures/Textures/Dirt/dirt_clay using Guid(9e6773a1ffed3674d89c63d078c1ea4f) Importer(815301076,1909f56bfc062723c751e8b465ee728b)  -> (artifact id: '4e8c8256c71c5ef0c2bb2d59f033d45a') in 0.000852 seconds 
========================================================================
Received Import Request.
  Time since last request: 0.072294 seconds.
  path: Assets/Handpainted_Grass_and_Ground_Textures/Textures/Dirt/dirt_clay/dirt_clay_down.png
  artifactKey: Guid(a7b05dec520c8cf4c8e08dfef1f84db4) Importer(815301076,1909f56bfc062723c751e8b465ee728b)
Start importing Assets/Handpainted_Grass_and_Ground_Textures/Textures/Dirt/dirt_clay/dirt_clay_down.png using Guid(a7b05dec520c8cf4c8e08dfef1f84db4) Importer(815301076,1909f56bfc062723c751e8b465ee728b)  -> (artifact id: '777a86f00ecb975320da814b60b5190c') in 0.034859 seconds 
========================================================================
Received Import Request.
  Time since last request: 10.784892 seconds.
  path: Assets/Handpainted_Grass_and_Ground_Textures/Textures/Dirt/dirt_overdesatured
  artifactKey: Guid(6e831e5cdc136a34eb2dfec551657549) Importer(815301076,1909f56bfc062723c751e8b465ee728b)
Start importing Assets/Handpainted_Grass_and_Ground_Textures/Textures/Dirt/dirt_overdesatured using Guid(6e831e5cdc136a34eb2dfec551657549) Importer(815301076,1909f56bfc062723c751e8b465ee728b)  -> (artifact id: 'b5adf1a26e2ff4cc7d4a39799dc202af') in 0.000603 seconds 
========================================================================
Received Import Request.
  Time since last request: 0.538933 seconds.
  path: Assets/Handpainted_Grass_and_Ground_Textures/Textures/Dirt/dirt_claydarked
  artifactKey: Guid(54a71b9741e050b4881fd6f88e405e31) Importer(815301076,1909f56bfc062723c751e8b465ee728b)
Start importing Assets/Handpainted_Grass_and_Ground_Textures/Textures/Dirt/dirt_claydarked using Guid(54a71b9741e050b4881fd6f88e405e31) Importer(815301076,1909f56bfc062723c751e8b465ee728b)  -> (artifact id: '64d715a6db930f630e11c386ed0d96ec') in 0.000896 seconds 
========================================================================
Received Import Request.
  Time since last request: 0.056115 seconds.
  path: Assets/Handpainted_Grass_and_Ground_Textures/Textures/Dirt/dirt_claydarked/dirt_claydarked_down.png
  artifactKey: Guid(a207d850508a70c46b922ceafbea7a7b) Importer(815301076,1909f56bfc062723c751e8b465ee728b)
Start importing Assets/Handpainted_Grass_and_Ground_Textures/Textures/Dirt/dirt_claydarked/dirt_claydarked_down.png using Guid(a207d850508a70c46b922ceafbea7a7b) Importer(815301076,1909f56bfc062723c751e8b465ee728b)  -> (artifact id: '5e8727e71615d271804eb5dc5f419c10') in 0.015698 seconds 
========================================================================
Received Import Request.
  Time since last request: 2.220349 seconds.
  path: Assets/Handpainted_Grass_and_Ground_Textures/Textures/Dirt/dirt_corrupted
  artifactKey: Guid(62963bbcede66ae4ca4cb0b6c256db01) Importer(815301076,1909f56bfc062723c751e8b465ee728b)
Start importing Assets/Handpainted_Grass_and_Ground_Textures/Textures/Dirt/dirt_corrupted using Guid(62963bbcede66ae4ca4cb0b6c256db01) Importer(815301076,1909f56bfc062723c751e8b465ee728b)  -> (artifact id: '161dcb73639dc451b3283385ae2ad005') in 0.000862 seconds 
========================================================================
Received Import Request.
  Time since last request: 0.072080 seconds.
  path: Assets/Handpainted_Grass_and_Ground_Textures/Textures/Dirt/dirt_corrupted/dirt_corrupted_down.png
  artifactKey: Guid(6e03d6a07afb8314997276ef200d1f5d) Importer(815301076,1909f56bfc062723c751e8b465ee728b)
Start importing Assets/Handpainted_Grass_and_Ground_Textures/Textures/Dirt/dirt_corrupted/dirt_corrupted_down.png using Guid(6e03d6a07afb8314997276ef200d1f5d) Importer(815301076,1909f56bfc062723c751e8b465ee728b)  -> (artifact id: '1c6be8741b4ec02be140e5460f89d06f') in 0.012406 seconds 
========================================================================
Received Import Request.
  Time since last request: 3.402474 seconds.
  path: Assets/Handpainted_Grass_and_Ground_Textures/Textures/Dirt/dirt_corrupted_lighted
  artifactKey: Guid(00dcb2e8e29be8d46b71260f4ee7eb0d) Importer(815301076,1909f56bfc062723c751e8b465ee728b)
Start importing Assets/Handpainted_Grass_and_Ground_Textures/Textures/Dirt/dirt_corrupted_lighted using Guid(00dcb2e8e29be8d46b71260f4ee7eb0d) Importer(815301076,1909f56bfc062723c751e8b465ee728b)  -> (artifact id: '36ad0186370e323bb9b586af0d3c63c5') in 0.000878 seconds 
========================================================================
Received Import Request.
  Time since last request: 0.057044 seconds.
  path: Assets/Handpainted_Grass_and_Ground_Textures/Textures/Dirt/dirt_corrupted_lighted/dirt_corrupted_lighted_down.png
  artifactKey: Guid(af53ed92faa41fd4ebd43ac7e1a8c086) Importer(815301076,1909f56bfc062723c751e8b465ee728b)
Start importing Assets/Handpainted_Grass_and_Ground_Textures/Textures/Dirt/dirt_corrupted_lighted/dirt_corrupted_lighted_down.png using Guid(af53ed92faa41fd4ebd43ac7e1a8c086) Importer(815301076,1909f56bfc062723c751e8b465ee728b)  -> (artifact id: '727ea04dff7476eb2d039e2eade3c8ed') in 0.014283 seconds 
========================================================================
Received Import Request.
  Time since last request: 4.509207 seconds.
  path: Assets/Handpainted_Grass_and_Ground_Textures/Textures/Dirt/dirt_desatured
  artifactKey: Guid(90573e982ac3b0f4ab0fbbdc212752e4) Importer(815301076,1909f56bfc062723c751e8b465ee728b)
Start importing Assets/Handpainted_Grass_and_Ground_Textures/Textures/Dirt/dirt_desatured using Guid(90573e982ac3b0f4ab0fbbdc212752e4) Importer(815301076,1909f56bfc062723c751e8b465ee728b)  -> (artifact id: 'b6fceb1ea958d2669555c40d0bbf4486') in 0.000888 seconds 
========================================================================
Received Import Request.
  Time since last request: 0.073748 seconds.
  path: Assets/Handpainted_Grass_and_Ground_Textures/Textures/Dirt/dirt_desatured/dirt_desatured_down.png
  artifactKey: Guid(29c626e9e6e470248a44438be202c7c0) Importer(815301076,1909f56bfc062723c751e8b465ee728b)
Start importing Assets/Handpainted_Grass_and_Ground_Textures/Textures/Dirt/dirt_desatured/dirt_desatured_down.png using Guid(29c626e9e6e470248a44438be202c7c0) Importer(815301076,1909f56bfc062723c751e8b465ee728b)  -> (artifact id: 'ca7c9a05494fbfd63be51665f3b7185d') in 0.011423 seconds 
========================================================================
Received Import Request.
  Time since last request: 5.926877 seconds.
  path: Assets/Handpainted_Grass_and_Ground_Textures/Textures/Dirt/dirt_desatured_rocks
  artifactKey: Guid(7efcd2d3f6dd3fa4789f5fd380a5a463) Importer(815301076,1909f56bfc062723c751e8b465ee728b)
Start importing Assets/Handpainted_Grass_and_Ground_Textures/Textures/Dirt/dirt_desatured_rocks using Guid(7efcd2d3f6dd3fa4789f5fd380a5a463) Importer(815301076,1909f56bfc062723c751e8b465ee728b)  -> (artifact id: '2107ee003f159704aecef8e96fcd0b53') in 0.000657 seconds 
========================================================================
Received Import Request.
  Time since last request: 0.087991 seconds.
  path: Assets/Handpainted_Grass_and_Ground_Textures/Textures/Dirt/dirt_desatured_rocks/dirt_desatured_rocks_down.png
  artifactKey: Guid(6dc316139475bb04e887760522945098) Importer(815301076,1909f56bfc062723c751e8b465ee728b)
Start importing Assets/Handpainted_Grass_and_Ground_Textures/Textures/Dirt/dirt_desatured_rocks/dirt_desatured_rocks_down.png using Guid(6dc316139475bb04e887760522945098) Importer(815301076,1909f56bfc062723c751e8b465ee728b)  -> (artifact id: '0616445e4037722fd6bf2f65890b477e') in 0.013063 seconds 
========================================================================
Received Import Request.
  Time since last request: 5.383879 seconds.
  path: Assets/Handpainted_Grass_and_Ground_Textures/Textures/Dirt/dirt_lighted
  artifactKey: Guid(af64a36560bccda4d934e8885bd05b39) Importer(815301076,1909f56bfc062723c751e8b465ee728b)
Start importing Assets/Handpainted_Grass_and_Ground_Textures/Textures/Dirt/dirt_lighted using Guid(af64a36560bccda4d934e8885bd05b39) Importer(815301076,1909f56bfc062723c751e8b465ee728b)  -> (artifact id: '6e1615737c587b8143b8ec8690e1f737') in 0.001105 seconds 
========================================================================
Received Import Request.
  Time since last request: 0.061920 seconds.
  path: Assets/Handpainted_Grass_and_Ground_Textures/Textures/Dirt/dirt_lighted/dirt_lighted_down.png
  artifactKey: Guid(16fdc16af892fc745890a4d5720a58dd) Importer(815301076,1909f56bfc062723c751e8b465ee728b)
Start importing Assets/Handpainted_Grass_and_Ground_Textures/Textures/Dirt/dirt_lighted/dirt_lighted_down.png using Guid(16fdc16af892fc745890a4d5720a58dd) Importer(815301076,1909f56bfc062723c751e8b465ee728b)  -> (artifact id: 'b6399225290604dad466f043ebf70f8b') in 0.009618 seconds 
========================================================================
Received Import Request.
  Time since last request: 4.912623 seconds.
  path: Assets/Handpainted_Grass_and_Ground_Textures/Textures/Dirt/dirt_lighted_rocks
  artifactKey: Guid(cbdaf972a3ebc234981e661144678ffe) Importer(815301076,1909f56bfc062723c751e8b465ee728b)
Start importing Assets/Handpainted_Grass_and_Ground_Textures/Textures/Dirt/dirt_lighted_rocks using Guid(cbdaf972a3ebc234981e661144678ffe) Importer(815301076,1909f56bfc062723c751e8b465ee728b)  -> (artifact id: '6ed68d323cb5658225c5abc57d1f04d2') in 0.000792 seconds 
========================================================================
Received Import Request.
  Time since last request: 0.073312 seconds.
  path: Assets/Handpainted_Grass_and_Ground_Textures/Textures/Dirt/dirt_lighted_rocks/dirt_lighted_rocks_down.png
  artifactKey: Guid(85ed2b41abc7c82499e10ac4feaa0590) Importer(815301076,1909f56bfc062723c751e8b465ee728b)
Start importing Assets/Handpainted_Grass_and_Ground_Textures/Textures/Dirt/dirt_lighted_rocks/dirt_lighted_rocks_down.png using Guid(85ed2b41abc7c82499e10ac4feaa0590) Importer(815301076,1909f56bfc062723c751e8b465ee728b)  -> (artifact id: 'd42b1cb41432fe942afdd665c77048a7') in 0.013806 seconds 
========================================================================
Received Import Request.
  Time since last request: 4.027604 seconds.
  path: Assets/Handpainted_Grass_and_Ground_Textures/Textures/Dirt/dirt_normal
  artifactKey: Guid(17ce2110717d2e24880c7ddf03d344a7) Importer(815301076,1909f56bfc062723c751e8b465ee728b)
Start importing Assets/Handpainted_Grass_and_Ground_Textures/Textures/Dirt/dirt_normal using Guid(17ce2110717d2e24880c7ddf03d344a7) Importer(815301076,1909f56bfc062723c751e8b465ee728b)  -> (artifact id: 'ba2cb7dec3a9ee1fc5deed4f509d9350') in 0.000589 seconds 
========================================================================
Received Import Request.
  Time since last request: 0.072064 seconds.
  path: Assets/Handpainted_Grass_and_Ground_Textures/Textures/Dirt/dirt_normal/dirt_normal_down.png
  artifactKey: Guid(a75e09f09d7d9534a89ffd4ef071b436) Importer(815301076,1909f56bfc062723c751e8b465ee728b)
Start importing Assets/Handpainted_Grass_and_Ground_Textures/Textures/Dirt/dirt_normal/dirt_normal_down.png using Guid(a75e09f09d7d9534a89ffd4ef071b436) Importer(815301076,1909f56bfc062723c751e8b465ee728b)  -> (artifact id: '59d7b7ab51e3673cbfb872d1bd9c143e') in 0.016737 seconds 
========================================================================
Received Import Request.
  Time since last request: 3.935895 seconds.
  path: Assets/Handpainted_Grass_and_Ground_Textures/Textures/Dirt/dirt_overcorrupted
  artifactKey: Guid(23dcc5694810a584b996111a33580dcb) Importer(815301076,1909f56bfc062723c751e8b465ee728b)
Start importing Assets/Handpainted_Grass_and_Ground_Textures/Textures/Dirt/dirt_overcorrupted using Guid(23dcc5694810a584b996111a33580dcb) Importer(815301076,1909f56bfc062723c751e8b465ee728b)  -> (artifact id: 'cb81ceb089a88adba8e2840e5109feb7') in 0.000590 seconds 
========================================================================
Received Import Request.
  Time since last request: 0.078736 seconds.
  path: Assets/Handpainted_Grass_and_Ground_Textures/Textures/Dirt/dirt_overcorrupted/dirt_overcorrupted_down.png
  artifactKey: Guid(87a98dc20286b194c8e608e017e9150a) Importer(815301076,1909f56bfc062723c751e8b465ee728b)
Start importing Assets/Handpainted_Grass_and_Ground_Textures/Textures/Dirt/dirt_overcorrupted/dirt_overcorrupted_down.png using Guid(87a98dc20286b194c8e608e017e9150a) Importer(815301076,1909f56bfc062723c751e8b465ee728b)  -> (artifact id: 'f595036350a9845aae8d6a7b29f6dfda') in 0.013519 seconds 
========================================================================
Received Import Request.
  Time since last request: 3.386374 seconds.
  path: Assets/Handpainted_Grass_and_Ground_Textures/Textures/Dirt/dirt_overdesatured/dirt_overdesatured_down.png
  artifactKey: Guid(f1c4c6bce19b05f48aa26fb0b06fd7e0) Importer(815301076,1909f56bfc062723c751e8b465ee728b)
Start importing Assets/Handpainted_Grass_and_Ground_Textures/Textures/Dirt/dirt_overdesatured/dirt_overdesatured_down.png using Guid(f1c4c6bce19b05f48aa26fb0b06fd7e0) Importer(815301076,1909f56bfc062723c751e8b465ee728b)  -> (artifact id: '09b63af5bf34d9b89a761e52a6cc82fa') in 0.017360 seconds 
========================================================================
Received Import Request.
  Time since last request: 94.557067 seconds.
  path: Assets/Handpainted_Grass_and_Ground_Textures/Textures/Dirt/dirt_lighted/dirt_lighted_up.png
  artifactKey: Guid(20aa0f234461fbc46ae6fe91f504e2f6) Importer(815301076,1909f56bfc062723c751e8b465ee728b)
Start importing Assets/Handpainted_Grass_and_Ground_Textures/Textures/Dirt/dirt_lighted/dirt_lighted_up.png using Guid(20aa0f234461fbc46ae6fe91f504e2f6) Importer(815301076,1909f56bfc062723c751e8b465ee728b)  -> (artifact id: '7087483d89f2e4873ac7a5daba8b23b8') in 0.019570 seconds 
========================================================================
Received Import Request.
  Time since last request: 2.895842 seconds.
  path: Assets/Handpainted_Grass_and_Ground_Textures/Textures/Dirt/dirt_lighted/dirt_lighted_up.png
  artifactKey: Guid(20aa0f234461fbc46ae6fe91f504e2f6) Importer(815301076,1909f56bfc062723c751e8b465ee728b)
Start importing Assets/Handpainted_Grass_and_Ground_Textures/Textures/Dirt/dirt_lighted/dirt_lighted_up.png using Guid(20aa0f234461fbc46ae6fe91f504e2f6) Importer(815301076,1909f56bfc062723c751e8b465ee728b)  -> (artifact id: 'b0385846c8e837129899e84d84ef86a0') in 0.064867 seconds 
========================================================================
Received Import Request.
  Time since last request: 58.706677 seconds.
  path: Assets/Handpainted_Grass_and_Ground_Textures/Demo
  artifactKey: Guid(5d141430ace3cc0408e31b23e56e08ab) Importer(815301076,1909f56bfc062723c751e8b465ee728b)
Start importing Assets/Handpainted_Grass_and_Ground_Textures/Demo using Guid(5d141430ace3cc0408e31b23e56e08ab) Importer(815301076,1909f56bfc062723c751e8b465ee728b)  -> (artifact id: '9fc5caaa8386ffb322199061ec1a7272') in 0.000742 seconds 
========================================================================
Received Import Request.
  Time since last request: 0.053154 seconds.
  path: Assets/Handpainted_Grass_and_Ground_Textures/Demo/New Terrain.asset
  artifactKey: Guid(a4503dc03081cd84aa03d1a3fb0dc910) Importer(815301076,1909f56bfc062723c751e8b465ee728b)
Start importing Assets/Handpainted_Grass_and_Ground_Textures/Demo/New Terrain.asset using Guid(a4503dc03081cd84aa03d1a3fb0dc910) Importer(815301076,1909f56bfc062723c751e8b465ee728b)  -> (artifact id: '5077c7721a2e4b225e2cb623539e5043') in 0.214923 seconds 
========================================================================
Received Import Request.
  Time since last request: 24.859460 seconds.
  path: Assets/Handpainted_Grass_and_Ground_Textures/Textures/Grass
  artifactKey: Guid(81aa5b08aeb420f4ba9e6a77812b8384) Importer(815301076,1909f56bfc062723c751e8b465ee728b)
Start importing Assets/Handpainted_Grass_and_Ground_Textures/Textures/Grass using Guid(81aa5b08aeb420f4ba9e6a77812b8384) Importer(815301076,1909f56bfc062723c751e8b465ee728b)  -> (artifact id: 'b2f9fdc0cd274ef5a9779fdee5dbdff5') in 0.000779 seconds 
========================================================================
Received Import Request.
  Time since last request: 1.308483 seconds.
  path: Assets/Handpainted_Grass_and_Ground_Textures/Textures/Grass/Grass_corrupted
  artifactKey: Guid(7d71c3aa70a670e4b9f752dc6c058f56) Importer(815301076,1909f56bfc062723c751e8b465ee728b)
Start importing Assets/Handpainted_Grass_and_Ground_Textures/Textures/Grass/Grass_corrupted using Guid(7d71c3aa70a670e4b9f752dc6c058f56) Importer(815301076,1909f56bfc062723c751e8b465ee728b)  -> (artifact id: 'e7ae62327de486d23e3e3fbbc8a49751') in 0.000887 seconds 
========================================================================
Received Import Request.
  Time since last request: 2.124967 seconds.
  path: Assets/Handpainted_Grass_and_Ground_Textures/Textures/Grass/Grass_darked
  artifactKey: Guid(8b50b5524d6fd0244b1dc042957e48ba) Importer(815301076,1909f56bfc062723c751e8b465ee728b)
Start importing Assets/Handpainted_Grass_and_Ground_Textures/Textures/Grass/Grass_darked using Guid(8b50b5524d6fd0244b1dc042957e48ba) Importer(815301076,1909f56bfc062723c751e8b465ee728b)  -> (artifact id: '48f7c70a54789150dffb46e63a4e8191') in 0.001549 seconds 
========================================================================
Received Import Request.
  Time since last request: 0.065620 seconds.
  path: Assets/Handpainted_Grass_and_Ground_Textures/Textures/Grass/Grass_darked/Grass_darked_down.png
  artifactKey: Guid(9234305f12ded3442b911c3ff978d340) Importer(815301076,1909f56bfc062723c751e8b465ee728b)
Start importing Assets/Handpainted_Grass_and_Ground_Textures/Textures/Grass/Grass_darked/Grass_darked_down.png using Guid(9234305f12ded3442b911c3ff978d340) Importer(815301076,1909f56bfc062723c751e8b465ee728b)  -> (artifact id: '993ae6a96b9a4761ab1d639353439926') in 0.009942 seconds 
========================================================================
Received Import Request.
  Time since last request: 0.000031 seconds.
  path: Assets/Handpainted_Grass_and_Ground_Textures/Textures/Grass/Grass_darked/Grass_darked_right.png
  artifactKey: Guid(ec7bab56bfdc3d147b9e1fda8c12082d) Importer(815301076,1909f56bfc062723c751e8b465ee728b)
Start importing Assets/Handpainted_Grass_and_Ground_Textures/Textures/Grass/Grass_darked/Grass_darked_right.png using Guid(ec7bab56bfdc3d147b9e1fda8c12082d) Importer(815301076,1909f56bfc062723c751e8b465ee728b)  -> (artifact id: '4785e6b6b72477176c67bbd4048563e6') in 0.011180 seconds 
========================================================================
Received Import Request.
  Time since last request: 3.579561 seconds.
  path: Assets/Handpainted_Grass_and_Ground_Textures/Textures/Snow
  artifactKey: Guid(8725d12c5baeda04580aca4ee1e765f3) Importer(815301076,1909f56bfc062723c751e8b465ee728b)
Start importing Assets/Handpainted_Grass_and_Ground_Textures/Textures/Snow using Guid(8725d12c5baeda04580aca4ee1e765f3) Importer(815301076,1909f56bfc062723c751e8b465ee728b)  -> (artifact id: '7f48ccd1fe4134c1df32d994b682fce3') in 0.001117 seconds 
========================================================================
Received Import Request.
  Time since last request: 0.384750 seconds.
  path: Assets/Handpainted_Grass_and_Ground_Textures/Textures/Snow/snow_dark.png
  artifactKey: Guid(168ed7b3c5d0c8f438a62bbfbb32514a) Importer(815301076,1909f56bfc062723c751e8b465ee728b)
Start importing Assets/Handpainted_Grass_and_Ground_Textures/Textures/Snow/snow_dark.png using Guid(168ed7b3c5d0c8f438a62bbfbb32514a) Importer(815301076,1909f56bfc062723c751e8b465ee728b)  -> (artifact id: 'fe6b735d5364bb1f313b8bbeaa8afb77') in 0.008931 seconds 
========================================================================
Received Import Request.
  Time since last request: 0.003510 seconds.
  path: Assets/Handpainted_Grass_and_Ground_Textures/Textures/Snow/snow_step_007.png
  artifactKey: Guid(acf74e6093c374f47b71acab15537e5a) Importer(815301076,1909f56bfc062723c751e8b465ee728b)
Start importing Assets/Handpainted_Grass_and_Ground_Textures/Textures/Snow/snow_step_007.png using Guid(acf74e6093c374f47b71acab15537e5a) Importer(815301076,1909f56bfc062723c751e8b465ee728b)  -> (artifact id: '93c93e8fdf64d440d7132fd6ba34db5e') in 0.007665 seconds 
========================================================================
Received Import Request.
  Time since last request: 0.000047 seconds.
  path: Assets/Handpainted_Grass_and_Ground_Textures/Textures/Snow/snow_step_006.png
  artifactKey: Guid(5f0db5799f4eac647b28327a42a907b9) Importer(815301076,1909f56bfc062723c751e8b465ee728b)
Start importing Assets/Handpainted_Grass_and_Ground_Textures/Textures/Snow/snow_step_006.png using Guid(5f0db5799f4eac647b28327a42a907b9) Importer(815301076,1909f56bfc062723c751e8b465ee728b)  -> (artifact id: 'a87aa25c30b207bc93a57a5ce1a023ca') in 0.007562 seconds 
========================================================================
Received Import Request.
  Time since last request: 0.000047 seconds.
  path: Assets/Handpainted_Grass_and_Ground_Textures/Textures/Snow/snow_super_dark_step_007.png
  artifactKey: Guid(fc1d5bb3816d590439581cef1f715162) Importer(815301076,1909f56bfc062723c751e8b465ee728b)
Start importing Assets/Handpainted_Grass_and_Ground_Textures/Textures/Snow/snow_super_dark_step_007.png using Guid(fc1d5bb3816d590439581cef1f715162) Importer(815301076,1909f56bfc062723c751e8b465ee728b)  -> (artifact id: '78afe80de8d2b5b9b835f7a9abdab27a') in 0.007659 seconds 
========================================================================
Received Import Request.
  Time since last request: 0.005100 seconds.
  path: Assets/Handpainted_Grass_and_Ground_Textures/Textures/Snow/snow_step_003.png
  artifactKey: Guid(d2b861fad968c574c9312f5ce9c8fbb0) Importer(815301076,1909f56bfc062723c751e8b465ee728b)
Start importing Assets/Handpainted_Grass_and_Ground_Textures/Textures/Snow/snow_step_003.png using Guid(d2b861fad968c574c9312f5ce9c8fbb0) Importer(815301076,1909f56bfc062723c751e8b465ee728b)  -> (artifact id: '814198eae4a43857f67598ec3a16d8ee') in 0.007768 seconds 
========================================================================
Received Import Request.
  Time since last request: 0.000056 seconds.
  path: Assets/Handpainted_Grass_and_Ground_Textures/Textures/Snow/snow_super_dark_step_002.png
  artifactKey: Guid(84bb7ba2fb5ef634886aaa8fc78b15a3) Importer(815301076,1909f56bfc062723c751e8b465ee728b)
Start importing Assets/Handpainted_Grass_and_Ground_Textures/Textures/Snow/snow_super_dark_step_002.png using Guid(84bb7ba2fb5ef634886aaa8fc78b15a3) Importer(815301076,1909f56bfc062723c751e8b465ee728b)  -> (artifact id: '9347ef8ff8a54fcf93e6c44dce1d7477') in 0.007526 seconds 
========================================================================
Received Import Request.
  Time since last request: 0.003053 seconds.
  path: Assets/Handpainted_Grass_and_Ground_Textures/Textures/Snow/snow_super_dark_step_004.png
  artifactKey: Guid(d9fc12878fd9aab429f0b32a0de2a946) Importer(815301076,1909f56bfc062723c751e8b465ee728b)
Start importing Assets/Handpainted_Grass_and_Ground_Textures/Textures/Snow/snow_super_dark_step_004.png using Guid(d9fc12878fd9aab429f0b32a0de2a946) Importer(815301076,1909f56bfc062723c751e8b465ee728b)  -> (artifact id: '753904581ad8a98fb5138c46889318fc') in 0.007685 seconds 
========================================================================
Received Import Request.
  Time since last request: 0.000043 seconds.
  path: Assets/Handpainted_Grass_and_Ground_Textures/Textures/Snow/snow_step_004.png
  artifactKey: Guid(35896bdd91471e340a9d5fcf6a3a0d2f) Importer(815301076,1909f56bfc062723c751e8b465ee728b)
Start importing Assets/Handpainted_Grass_and_Ground_Textures/Textures/Snow/snow_step_004.png using Guid(35896bdd91471e340a9d5fcf6a3a0d2f) Importer(815301076,1909f56bfc062723c751e8b465ee728b)  -> (artifact id: '26933b04c681bb993a2e37a7d9a7ceef') in 0.009484 seconds 
========================================================================
Received Import Request.
  Time since last request: 0.000043 seconds.
  path: Assets/Handpainted_Grass_and_Ground_Textures/Textures/Snow/snow_normal.png
  artifactKey: Guid(75b807f3d28ec1644aeac1e8f4a2d857) Importer(815301076,1909f56bfc062723c751e8b465ee728b)
Start importing Assets/Handpainted_Grass_and_Ground_Textures/Textures/Snow/snow_normal.png using Guid(75b807f3d28ec1644aeac1e8f4a2d857) Importer(815301076,1909f56bfc062723c751e8b465ee728b)  -> (artifact id: '25f9c706af14f4ce553733eeb2780fda') in 0.008289 seconds 
========================================================================
Received Import Request.
  Time since last request: 0.000048 seconds.
  path: Assets/Handpainted_Grass_and_Ground_Textures/Textures/Snow/snow_step_002.png
  artifactKey: Guid(1d644c45198c23a49ac4a7c22f844856) Importer(815301076,1909f56bfc062723c751e8b465ee728b)
Start importing Assets/Handpainted_Grass_and_Ground_Textures/Textures/Snow/snow_step_002.png using Guid(1d644c45198c23a49ac4a7c22f844856) Importer(815301076,1909f56bfc062723c751e8b465ee728b)  -> (artifact id: '93e42fd4ba4982cf04683c60c660409c') in 0.007753 seconds 
========================================================================
Received Import Request.
  Time since last request: 0.000056 seconds.
  path: Assets/Handpainted_Grass_and_Ground_Textures/Textures/Snow/snow_super_dark.png
  artifactKey: Guid(6ae24699072028c47b5e79666801b5bf) Importer(815301076,1909f56bfc062723c751e8b465ee728b)
Start importing Assets/Handpainted_Grass_and_Ground_Textures/Textures/Snow/snow_super_dark.png using Guid(6ae24699072028c47b5e79666801b5bf) Importer(815301076,1909f56bfc062723c751e8b465ee728b)  -> (artifact id: '18d566c1e65cb9a4edf6b126affd922b') in 0.010093 seconds 
========================================================================
Received Import Request.
  Time since last request: 0.000070 seconds.
  path: Assets/Handpainted_Grass_and_Ground_Textures/Textures/Snow/snow_dark_step_007.png
  artifactKey: Guid(fd1b4f2bb67053b47a64ebec95973537) Importer(815301076,1909f56bfc062723c751e8b465ee728b)
Start importing Assets/Handpainted_Grass_and_Ground_Textures/Textures/Snow/snow_dark_step_007.png using Guid(fd1b4f2bb67053b47a64ebec95973537) Importer(815301076,1909f56bfc062723c751e8b465ee728b)  -> (artifact id: '00ef0db3c9e0316019318521e4834ad3') in 0.008862 seconds 
========================================================================
Received Import Request.
  Time since last request: 0.000042 seconds.
  path: Assets/Handpainted_Grass_and_Ground_Textures/Textures/Snow/snow_step_001.png
  artifactKey: Guid(732ab7d0122d1404b82ab0939ac4e4ef) Importer(815301076,1909f56bfc062723c751e8b465ee728b)
Start importing Assets/Handpainted_Grass_and_Ground_Textures/Textures/Snow/snow_step_001.png using Guid(732ab7d0122d1404b82ab0939ac4e4ef) Importer(815301076,1909f56bfc062723c751e8b465ee728b)  -> (artifact id: '93786099de5d35e53a663f2f38555cac') in 0.011413 seconds 
Editor requested this worker to shutdown with reason: Scaling down because of idle timeout
AssetImportWorker is now disconnected from the server
Process exiting
