Unity Editor version:    2021.3.9f1 (ad3870b89536)
Branch:                  2021.3/staging
Build type:              Release
Batch mode:              YES
macOS version:           Version 13.3 (Build 22E252)
Darwin version:          22.4.0
Architecture:            arm64
Running under Rosetta:   NO
Available memory:        8192 MB
Using pre-set license
Pro License: YES

COMMAND LINE ARGUMENTS:
/Applications/Unity/Hub/Editor/2021.3.9f1/Unity.app/Contents/MacOS/Unity
-adb2
-batchMode
-noUpm
-name
AssetImportWorker3
-projectPath
/Users/muhammadalisafdar/Documents/M.A.S/GitHub/elgato777/elgato777
-logFile
Logs/AssetImportWorker3.log
-srvPort
54588
Successfully changed project path to: /Users/muhammadalisafdar/Documents/M.A.S/GitHub/elgato777/elgato777
/Users/muhammadalisafdar/Documents/M.A.S/GitHub/elgato777/elgato777
[UnityMemory] Configuration Parameters - Can be set up in boot.config
    "memorysetup-bucket-allocator-granularity=16"
    "memorysetup-bucket-allocator-bucket-count=8"
    "memorysetup-bucket-allocator-block-size=33554432"
    "memorysetup-bucket-allocator-block-count=8"
    "memorysetup-main-allocator-block-size=16777216"
    "memorysetup-thread-allocator-block-size=16777216"
    "memorysetup-gfx-main-allocator-block-size=16777216"
    "memorysetup-gfx-thread-allocator-block-size=16777216"
    "memorysetup-cache-allocator-block-size=4194304"
    "memorysetup-typetree-allocator-block-size=2097152"
    "memorysetup-profiler-bucket-allocator-granularity=16"
    "memorysetup-profiler-bucket-allocator-bucket-count=8"
    "memorysetup-profiler-bucket-allocator-block-size=33554432"
    "memorysetup-profiler-bucket-allocator-block-count=8"
    "memorysetup-profiler-allocator-block-size=16777216"
    "memorysetup-profiler-editor-allocator-block-size=1048576"
    "memorysetup-temp-allocator-size-main=16777216"
    "memorysetup-job-temp-allocator-block-size=2097152"
    "memorysetup-job-temp-allocator-block-size-background=1048576"
    "memorysetup-job-temp-allocator-reduction-small-platforms=262144"
    "memorysetup-temp-allocator-size-background-worker=32768"
    "memorysetup-temp-allocator-size-job-worker=262144"
    "memorysetup-temp-allocator-size-preload-manager=33554432"
    "memorysetup-temp-allocator-size-nav-mesh-worker=65536"
    "memorysetup-temp-allocator-size-audio-worker=65536"
    "memorysetup-temp-allocator-size-cloud-worker=32768"
    "memorysetup-temp-allocator-size-gi-baking-worker=262144"
    "memorysetup-temp-allocator-size-gfx=262144"
Refreshing native plugins compatible for Editor in 78.65 ms, found 2 plugins.
Preloading 0 native plugins for Editor in 0.00 ms.
Initialize engine version: 2021.3.9f1 (ad3870b89536)
[Subsystems] Discovering subsystems at path /Applications/Unity/Hub/Editor/2021.3.9f1/Unity.app/Contents/Resources/UnitySubsystems
[Subsystems] Discovering subsystems at path /Users/muhammadalisafdar/Documents/M.A.S/GitHub/elgato777/elgato777/Assets
GfxDevice: creating device client; threaded=0; jobified=0
 preferred device: Apple M1 (high power)
Metal devices available: 1
0: Apple M1 (high power)
Forcing user selected device: Apple M1 (high power)
Initializing Metal device caps: Apple M1
Initialize mono
Mono path[0] = '/Applications/Unity/Hub/Editor/2021.3.9f1/Unity.app/Contents/Managed'
Mono path[1] = '/Applications/Unity/Hub/Editor/2021.3.9f1/Unity.app/Contents/MonoBleedingEdge/lib/mono/unityjit-macos'
Mono config path = '/Applications/Unity/Hub/Editor/2021.3.9f1/Unity.app/Contents/MonoBleedingEdge/etc'
Using monoOptions --debugger-agent=transport=dt_socket,embedding=1,server=y,suspend=n,address=127.0.0.1:56902
Begin MonoManager ReloadAssembly
Registering precompiled unity dll's ...
Register platform support module: /Applications/Unity/Hub/Editor/2021.3.9f1/Unity.app/Contents/PlaybackEngines/MacStandaloneSupport/UnityEditor.OSXStandalone.Extensions.dll
Registered in 0.000431 seconds.
Native extension for OSXStandalone target not found
Refreshing native plugins compatible for Editor in 94.45 ms, found 2 plugins.
Preloading 0 native plugins for Editor in 0.00 ms.
Mono: successfully reloaded assembly
- Completed reload, in  0.599 seconds
Domain Reload Profiling:
	ReloadAssembly (600ms)
		BeginReloadAssembly (49ms)
			ExecutionOrderSort (0ms)
			DisableScriptedObjects (0ms)
			BackupInstance (0ms)
			ReleaseScriptingObjects (0ms)
			CreateAndSetChildDomain (0ms)
		EndReloadAssembly (451ms)
			LoadAssemblies (49ms)
			RebuildTransferFunctionScriptingTraits (0ms)
			SetupTypeCache (121ms)
			ReleaseScriptCaches (0ms)
			RebuildScriptCaches (24ms)
			SetupLoadedEditorAssemblies (273ms)
				LogAssemblyErrors (0ms)
				InitializePlatformSupportModulesInManaged (4ms)
				SetLoadedEditorAssemblies (0ms)
				RefreshPlugins (118ms)
				BeforeProcessingInitializeOnLoad (3ms)
				ProcessInitializeOnLoadAttributes (120ms)
				ProcessInitializeOnLoadMethodAttributes (28ms)
				AfterProcessingInitializeOnLoad (0ms)
				EditorAssembliesLoaded (0ms)
			ExecutionOrderSort2 (0ms)
			AwakeInstancesAfterBackupRestoration (0ms)
Platform modules already initialized, skipping
Registering precompiled user dll's ...
Registered in 0.002498 seconds.
Begin MonoManager ReloadAssembly
Symbol file LoadedFromMemory doesn't match image /Users/muhammadalisafdar/Documents/M.A.S/GitHub/elgato777/elgato777/Library/PackageCache/com.unity.visualscripting@1.7.8/Editor/VisualScripting.Core/Dependencies/YamlDotNet/Unity.VisualScripting.YamlDotNet.dll
Symbol file LoadedFromMemory doesn't match image /Users/muhammadalisafdar/Documents/M.A.S/GitHub/elgato777/elgato777/Library/PackageCache/com.unity.visualscripting@1.7.8/Editor/VisualScripting.Core/Dependencies/DotNetZip/Unity.VisualScripting.IonicZip.dll
Native extension for OSXStandalone target not found
Refreshing native plugins compatible for Editor in 1.74 ms, found 2 plugins.
Preloading 0 native plugins for Editor in 0.00 ms.
Mono: successfully reloaded assembly
- Completed reload, in  1.052 seconds
Domain Reload Profiling:
	ReloadAssembly (1053ms)
		BeginReloadAssembly (148ms)
			ExecutionOrderSort (0ms)
			DisableScriptedObjects (5ms)
			BackupInstance (0ms)
			ReleaseScriptingObjects (0ms)
			CreateAndSetChildDomain (70ms)
		EndReloadAssembly (803ms)
			LoadAssemblies (58ms)
			RebuildTransferFunctionScriptingTraits (0ms)
			SetupTypeCache (306ms)
			ReleaseScriptCaches (4ms)
			RebuildScriptCaches (58ms)
			SetupLoadedEditorAssemblies (318ms)
				LogAssemblyErrors (0ms)
				InitializePlatformSupportModulesInManaged (7ms)
				SetLoadedEditorAssemblies (0ms)
				RefreshPlugins (2ms)
				BeforeProcessingInitializeOnLoad (71ms)
				ProcessInitializeOnLoadAttributes (201ms)
				ProcessInitializeOnLoadMethodAttributes (34ms)
				AfterProcessingInitializeOnLoad (2ms)
				EditorAssembliesLoaded (0ms)
			ExecutionOrderSort2 (0ms)
			AwakeInstancesAfterBackupRestoration (4ms)
Platform modules already initialized, skipping
========================================================================
Worker process is ready to serve import requests
Launching external process: /Applications/Unity/Hub/Editor/2021.3.9f1/Unity.app/Contents/Tools/UnityShaderCompiler
Launched and connected shader compiler UnityShaderCompiler after 0.13 seconds
Refreshing native plugins compatible for Editor in 1.15 ms, found 2 plugins.
Preloading 0 native plugins for Editor in 0.00 ms.
Unloading 3380 Unused Serialized files (Serialized files now loaded: 0)
Unloading 27 unused Assets / (82.8 KB). Loaded Objects now: 3837.
Memory consumption went from 30.8 MB to 30.7 MB.
Total: 16.520708 ms (FindLiveObjects: 0.535208 ms CreateObjectMapping: 0.169667 ms MarkObjects: 15.677042 ms  DeleteObjects: 0.137666 ms)

AssetImportParameters requested are different than current active one (requested -> active):
  custom:video-decoder-ogg-theora: a1e56fd34408186e4bbccfd4996cb3dc -> 
  custom:container-muxer-webm: aa71ff27fc2769a1b78a27578f13a17b -> 
  custom:container-demuxer-webm: 4f35f7cbe854078d1ac9338744f61a02 -> 
  custom:video-encoder-webm-vp8: eb34c28f22e8b96e1ab97ce403110664 -> 
  custom:framework-osx-AVFoundation: e770b220cccbd017edd2c1fefb359320 -> 
  custom:audio-encoder-webm-vorbis: bf7c407c2cedff20999df2af8eb42d56 -> 
  custom:container-demuxer-ogg: 62fdf1f143b41e24485cea50d1cbac27 -> 
  custom:video-decoder-webm-vp8: 9c59270c3fd7afecdb556c50c9e8de78 -> 
  custom:audio-decoder-ogg-vorbis: bf7c407c2cedff20999df2af8eb42d56 -> 
========================================================================
Received Import Request.
  Time since last request: 32195.279277 seconds.
  path: Assets/Wild West Western/Models/Diamond.fbx
  artifactKey: Guid(6dbd83fcc84994949a1baf3b64d7ed08) Importer(815301076,1909f56bfc062723c751e8b465ee728b)
Start importing Assets/Wild West Western/Models/Diamond.fbx using Guid(6dbd83fcc84994949a1baf3b64d7ed08) Importer(815301076,1909f56bfc062723c751e8b465ee728b)  -> (artifact id: '579fbe67c91d061f55ae0da43cafbae0') in 1.091210 seconds 
========================================================================
Received Import Request.
  Time since last request: 0.000090 seconds.
  path: Assets/Wild West Western/Textures/Saloon.psd
  artifactKey: Guid(20b6fce0cf3852b4980e4e13fd7dd7ec) Importer(815301076,1909f56bfc062723c751e8b465ee728b)
Start importing Assets/Wild West Western/Textures/Saloon.psd using Guid(20b6fce0cf3852b4980e4e13fd7dd7ec) Importer(815301076,1909f56bfc062723c751e8b465ee728b)  -> (artifact id: '5e257956ac145fc8310acdcc7a75820e') in 0.066874 seconds 
========================================================================
Received Import Request.
  Time since last request: 0.011263 seconds.
  path: Assets/Wild West Western/Textures/Reservoir.psd
  artifactKey: Guid(b3f9e431447c9864eabeccc174c3a064) Importer(815301076,1909f56bfc062723c751e8b465ee728b)
Start importing Assets/Wild West Western/Textures/Reservoir.psd using Guid(b3f9e431447c9864eabeccc174c3a064) Importer(815301076,1909f56bfc062723c751e8b465ee728b)  -> (artifact id: '5908ec9c5e0d36582bdf23b024cc8e0a') in 0.009129 seconds 
========================================================================
Received Import Request.
  Time since last request: 0.000099 seconds.
  path: Assets/Wild West Western/Textures/Cactus.psd
  artifactKey: Guid(0666a7e9001e13e4b9da585da16dd536) Importer(815301076,1909f56bfc062723c751e8b465ee728b)
Start importing Assets/Wild West Western/Textures/Cactus.psd using Guid(0666a7e9001e13e4b9da585da16dd536) Importer(815301076,1909f56bfc062723c751e8b465ee728b)  -> (artifact id: '13d31bcaf48a80ebc2240449babd4038') in 0.009760 seconds 
========================================================================
Received Import Request.
  Time since last request: 0.004385 seconds.
  path: Assets/Wild West Western/Textures/Fence_Wooden.psd
  artifactKey: Guid(0a88bb1dd7426834fbc2ded8ac345f95) Importer(815301076,1909f56bfc062723c751e8b465ee728b)
Start importing Assets/Wild West Western/Textures/Fence_Wooden.psd using Guid(0a88bb1dd7426834fbc2ded8ac345f95) Importer(815301076,1909f56bfc062723c751e8b465ee728b)  -> (artifact id: '04dcdfeaff06f703c40b759a19f98b70') in 0.007222 seconds 
========================================================================
Received Import Request.
  Time since last request: 0.000088 seconds.
  path: Assets/Wild West Western/Models/Gate.fbx
  artifactKey: Guid(e69f6c0159177144a92cee3aeb10584b) Importer(815301076,1909f56bfc062723c751e8b465ee728b)
Start importing Assets/Wild West Western/Models/Gate.fbx using Guid(e69f6c0159177144a92cee3aeb10584b) Importer(815301076,1909f56bfc062723c751e8b465ee728b)  -> (artifact id: 'ed42a1587190f1aa25fac9500f805924') in 0.034131 seconds 
========================================================================
Received Import Request.
  Time since last request: 0.002492 seconds.
  path: Assets/Wild West Western/Textures/Bank.psd
  artifactKey: Guid(12207d560acd86b4e9e8c2fb9971f756) Importer(815301076,1909f56bfc062723c751e8b465ee728b)
Start importing Assets/Wild West Western/Textures/Bank.psd using Guid(12207d560acd86b4e9e8c2fb9971f756) Importer(815301076,1909f56bfc062723c751e8b465ee728b)  -> (artifact id: 'd65df0d37c22f1872391512d9b874d83') in 0.007593 seconds 
========================================================================
Received Import Request.
  Time since last request: 0.000059 seconds.
  path: Assets/Wild West Western/Models/Cactus_03.fbx
  artifactKey: Guid(35986e7858bdf134cb284502fad2bea5) Importer(815301076,1909f56bfc062723c751e8b465ee728b)
Start importing Assets/Wild West Western/Models/Cactus_03.fbx using Guid(35986e7858bdf134cb284502fad2bea5) Importer(815301076,1909f56bfc062723c751e8b465ee728b)  -> (artifact id: '44c3b9668ab87968e924eceff3d62c6f') in 0.014707 seconds 
========================================================================
Received Import Request.
  Time since last request: 0.000060 seconds.
  path: Assets/Wild West Western/Textures/Coin_02.psd
  artifactKey: Guid(1008b900a7c537e4f94fdfb512e3d08f) Importer(815301076,1909f56bfc062723c751e8b465ee728b)
Start importing Assets/Wild West Western/Textures/Coin_02.psd using Guid(1008b900a7c537e4f94fdfb512e3d08f) Importer(815301076,1909f56bfc062723c751e8b465ee728b)  -> (artifact id: 'b33ac1d69d97d44d38d71927d5daf7de') in 0.009550 seconds 
========================================================================
Received Import Request.
  Time since last request: 1.141802 seconds.
  path: Assets/Wild West Western/Models/Materials/Box_Simple.mat
  artifactKey: Guid(a8b56353495edc74b827128aa9fbce1d) Importer(815301076,1909f56bfc062723c751e8b465ee728b)
Start importing Assets/Wild West Western/Models/Materials/Box_Simple.mat using Guid(a8b56353495edc74b827128aa9fbce1d) Importer(815301076,1909f56bfc062723c751e8b465ee728b)  -> (artifact id: 'c2920172f366a4c0d77e525233787ad1') in 0.157089 seconds 
========================================================================
Received Import Request.
  Time since last request: 0.000107 seconds.
  path: Assets/Wild West Western/Models/Materials/Safe.mat
  artifactKey: Guid(1b90c15c994b22a44b95004d041364b8) Importer(815301076,1909f56bfc062723c751e8b465ee728b)
Start importing Assets/Wild West Western/Models/Materials/Safe.mat using Guid(1b90c15c994b22a44b95004d041364b8) Importer(815301076,1909f56bfc062723c751e8b465ee728b)  -> (artifact id: '5859523de0cdf69cab3890598ea13605') in 0.010702 seconds 
========================================================================
Received Import Request.
  Time since last request: 0.000061 seconds.
  path: Assets/Wild West Western/Models/Materials/Hay.mat
  artifactKey: Guid(7e52a8b5973526b45a1c5b2b0be10fb4) Importer(815301076,1909f56bfc062723c751e8b465ee728b)
Start importing Assets/Wild West Western/Models/Materials/Hay.mat using Guid(7e52a8b5973526b45a1c5b2b0be10fb4) Importer(815301076,1909f56bfc062723c751e8b465ee728b)  -> (artifact id: '7256713f973e79c5884075347a198176') in 0.006693 seconds 
========================================================================
Received Import Request.
  Time since last request: 0.000129 seconds.
  path: Assets/Wild West Western/Models/Materials/House_Standard_04.mat
  artifactKey: Guid(94d20daed8199d9459ab7e7754f3233d) Importer(815301076,1909f56bfc062723c751e8b465ee728b)
Start importing Assets/Wild West Western/Models/Materials/House_Standard_04.mat using Guid(94d20daed8199d9459ab7e7754f3233d) Importer(815301076,1909f56bfc062723c751e8b465ee728b)  -> (artifact id: '6ae3ca1d3ffd6a41b0460b9f677408b7') in 0.007967 seconds 
========================================================================
Received Import Request.
  Time since last request: 0.001076 seconds.
  path: Assets/Wild West Western/Models/Materials/Saloon.mat
  artifactKey: Guid(157d06855327dbd419aed44dcec8254b) Importer(815301076,1909f56bfc062723c751e8b465ee728b)
Start importing Assets/Wild West Western/Models/Materials/Saloon.mat using Guid(157d06855327dbd419aed44dcec8254b) Importer(815301076,1909f56bfc062723c751e8b465ee728b)  -> (artifact id: 'dcc90b566de0a869b3cb5596eb36d20f') in 0.008730 seconds 
Editor requested this worker to shutdown with reason: Scaling down because of idle timeout
AssetImportWorker is now disconnected from the server
Process exiting
