Unity Editor version:    2021.3.9f1 (ad3870b89536)
Branch:                  2021.3/staging
Build type:              Release
Batch mode:              YES
macOS version:           Version 13.3 (Build 22E252)
Darwin version:          22.4.0
Architecture:            arm64
Running under Rosetta:   NO
Available memory:        8192 MB
Using pre-set license
Pro License: YES

COMMAND LINE ARGUMENTS:
/Applications/Unity/Hub/Editor/2021.3.9f1/Unity.app/Contents/MacOS/Unity
-adb2
-batchMode
-noUpm
-name
AssetImportWorker30
-projectPath
/Users/muhammadalisafdar/Documents/M.A.S/GitHub/elgato777/elgato777
-logFile
Logs/AssetImportWorker30.log
-srvPort
54588
Successfully changed project path to: /Users/muhammadalisafdar/Documents/M.A.S/GitHub/elgato777/elgato777
/Users/muhammadalisafdar/Documents/M.A.S/GitHub/elgato777/elgato777
[UnityMemory] Configuration Parameters - Can be set up in boot.config
    "memorysetup-bucket-allocator-granularity=16"
    "memorysetup-bucket-allocator-bucket-count=8"
    "memorysetup-bucket-allocator-block-size=33554432"
    "memorysetup-bucket-allocator-block-count=8"
    "memorysetup-main-allocator-block-size=16777216"
    "memorysetup-thread-allocator-block-size=16777216"
    "memorysetup-gfx-main-allocator-block-size=16777216"
    "memorysetup-gfx-thread-allocator-block-size=16777216"
    "memorysetup-cache-allocator-block-size=4194304"
    "memorysetup-typetree-allocator-block-size=2097152"
    "memorysetup-profiler-bucket-allocator-granularity=16"
    "memorysetup-profiler-bucket-allocator-bucket-count=8"
    "memorysetup-profiler-bucket-allocator-block-size=33554432"
    "memorysetup-profiler-bucket-allocator-block-count=8"
    "memorysetup-profiler-allocator-block-size=16777216"
    "memorysetup-profiler-editor-allocator-block-size=1048576"
    "memorysetup-temp-allocator-size-main=16777216"
    "memorysetup-job-temp-allocator-block-size=2097152"
    "memorysetup-job-temp-allocator-block-size-background=1048576"
    "memorysetup-job-temp-allocator-reduction-small-platforms=262144"
    "memorysetup-temp-allocator-size-background-worker=32768"
    "memorysetup-temp-allocator-size-job-worker=262144"
    "memorysetup-temp-allocator-size-preload-manager=33554432"
    "memorysetup-temp-allocator-size-nav-mesh-worker=65536"
    "memorysetup-temp-allocator-size-audio-worker=65536"
    "memorysetup-temp-allocator-size-cloud-worker=32768"
    "memorysetup-temp-allocator-size-gi-baking-worker=262144"
    "memorysetup-temp-allocator-size-gfx=262144"
Refreshing native plugins compatible for Editor in 422.59 ms, found 3 plugins.
Preloading 0 native plugins for Editor in 0.00 ms.
Initialize engine version: 2021.3.9f1 (ad3870b89536)
[Subsystems] Discovering subsystems at path /Applications/Unity/Hub/Editor/2021.3.9f1/Unity.app/Contents/Resources/UnitySubsystems
[Subsystems] Discovering subsystems at path /Users/muhammadalisafdar/Documents/M.A.S/GitHub/elgato777/elgato777/Assets
GfxDevice: creating device client; threaded=0; jobified=0
 preferred device: Apple M1 (high power)
Metal devices available: 1
0: Apple M1 (high power)
Forcing user selected device: Apple M1 (high power)
Initializing Metal device caps: Apple M1
Initialize mono
Mono path[0] = '/Applications/Unity/Hub/Editor/2021.3.9f1/Unity.app/Contents/Managed'
Mono path[1] = '/Applications/Unity/Hub/Editor/2021.3.9f1/Unity.app/Contents/MonoBleedingEdge/lib/mono/unityjit-macos'
Mono config path = '/Applications/Unity/Hub/Editor/2021.3.9f1/Unity.app/Contents/MonoBleedingEdge/etc'
Using monoOptions --debugger-agent=transport=dt_socket,embedding=1,server=y,suspend=n,address=127.0.0.1:56969
Begin MonoManager ReloadAssembly
Registering precompiled unity dll's ...
Register platform support module: /Applications/Unity/Hub/Editor/2021.3.9f1/Unity.app/Contents/PlaybackEngines/MacStandaloneSupport/UnityEditor.OSXStandalone.Extensions.dll
Registered in 0.000487 seconds.
Native extension for OSXStandalone target not found
Refreshing native plugins compatible for Editor in 92.33 ms, found 3 plugins.
Preloading 0 native plugins for Editor in 0.00 ms.
Mono: successfully reloaded assembly
- Completed reload, in  0.657 seconds
Domain Reload Profiling:
	ReloadAssembly (658ms)
		BeginReloadAssembly (163ms)
			ExecutionOrderSort (0ms)
			DisableScriptedObjects (0ms)
			BackupInstance (0ms)
			ReleaseScriptingObjects (0ms)
			CreateAndSetChildDomain (2ms)
		EndReloadAssembly (416ms)
			LoadAssemblies (162ms)
			RebuildTransferFunctionScriptingTraits (1ms)
			SetupTypeCache (113ms)
			ReleaseScriptCaches (0ms)
			RebuildScriptCaches (21ms)
			SetupLoadedEditorAssemblies (245ms)
				LogAssemblyErrors (0ms)
				InitializePlatformSupportModulesInManaged (4ms)
				SetLoadedEditorAssemblies (0ms)
				RefreshPlugins (92ms)
				BeforeProcessingInitializeOnLoad (1ms)
				ProcessInitializeOnLoadAttributes (120ms)
				ProcessInitializeOnLoadMethodAttributes (28ms)
				AfterProcessingInitializeOnLoad (0ms)
				EditorAssembliesLoaded (0ms)
			ExecutionOrderSort2 (0ms)
			AwakeInstancesAfterBackupRestoration (0ms)
Platform modules already initialized, skipping
Registering precompiled user dll's ...
Registered in 0.008494 seconds.
Begin MonoManager ReloadAssembly
Symbol file LoadedFromMemory doesn't match image /Users/muhammadalisafdar/Documents/M.A.S/GitHub/elgato777/elgato777/Library/PackageCache/com.unity.visualscripting@1.7.8/Editor/VisualScripting.Core/Dependencies/YamlDotNet/Unity.VisualScripting.YamlDotNet.dll
Symbol file LoadedFromMemory doesn't match image /Users/muhammadalisafdar/Documents/M.A.S/GitHub/elgato777/elgato777/Library/PackageCache/com.unity.visualscripting@1.7.8/Editor/VisualScripting.Core/Dependencies/DotNetZip/Unity.VisualScripting.IonicZip.dll
Native extension for OSXStandalone target not found
Refreshing native plugins compatible for Editor in 0.57 ms, found 3 plugins.
Preloading 0 native plugins for Editor in 0.00 ms.
Mono: successfully reloaded assembly
- Completed reload, in  1.048 seconds
Domain Reload Profiling:
	ReloadAssembly (1048ms)
		BeginReloadAssembly (82ms)
			ExecutionOrderSort (0ms)
			DisableScriptedObjects (4ms)
			BackupInstance (0ms)
			ReleaseScriptingObjects (0ms)
			CreateAndSetChildDomain (30ms)
		EndReloadAssembly (888ms)
			LoadAssemblies (124ms)
			RebuildTransferFunctionScriptingTraits (0ms)
			SetupTypeCache (334ms)
			ReleaseScriptCaches (1ms)
			RebuildScriptCaches (50ms)
			SetupLoadedEditorAssemblies (358ms)
				LogAssemblyErrors (0ms)
				InitializePlatformSupportModulesInManaged (2ms)
				SetLoadedEditorAssemblies (0ms)
				RefreshPlugins (1ms)
				BeforeProcessingInitializeOnLoad (78ms)
				ProcessInitializeOnLoadAttributes (236ms)
				ProcessInitializeOnLoadMethodAttributes (40ms)
				AfterProcessingInitializeOnLoad (1ms)
				EditorAssembliesLoaded (0ms)
			ExecutionOrderSort2 (0ms)
			AwakeInstancesAfterBackupRestoration (2ms)
Platform modules already initialized, skipping
========================================================================
Worker process is ready to serve import requests
database is locked
database is locked
database is locked
Launching external process: /Applications/Unity/Hub/Editor/2021.3.9f1/Unity.app/Contents/Tools/UnityShaderCompiler
Launched and connected shader compiler UnityShaderCompiler after 0.30 seconds
Refreshing native plugins compatible for Editor in 0.88 ms, found 3 plugins.
Preloading 0 native plugins for Editor in 0.00 ms.
Unloading 4070 Unused Serialized files (Serialized files now loaded: 0)
Unloading 46 unused Assets / (197.2 KB). Loaded Objects now: 4522.
Memory consumption went from 65.3 MB to 65.1 MB.
Total: 8.999667 ms (FindLiveObjects: 0.198084 ms CreateObjectMapping: 0.102209 ms MarkObjects: 8.511000 ms  DeleteObjects: 0.187042 ms)

AssetImportParameters requested are different than current active one (requested -> active):
  custom:video-decoder-ogg-theora: a1e56fd34408186e4bbccfd4996cb3dc -> 
  custom:container-muxer-webm: aa71ff27fc2769a1b78a27578f13a17b -> 
  custom:container-demuxer-webm: 4f35f7cbe854078d1ac9338744f61a02 -> 
  custom:video-encoder-webm-vp8: eb34c28f22e8b96e1ab97ce403110664 -> 
  custom:framework-osx-AVFoundation: e770b220cccbd017edd2c1fefb359320 -> 
  custom:audio-encoder-webm-vorbis: bf7c407c2cedff20999df2af8eb42d56 -> 
  custom:container-demuxer-ogg: 62fdf1f143b41e24485cea50d1cbac27 -> 
  custom:video-decoder-webm-vp8: 9c59270c3fd7afecdb556c50c9e8de78 -> 
  custom:audio-decoder-ogg-vorbis: bf7c407c2cedff20999df2af8eb42d56 -> 
========================================================================
Received Import Request.
  Time since last request: 50702.517399 seconds.
  path: Assets/Models/WildWestRevolver_0/WWGPistol_0_Prefs/WWGPistol_0.prefab
  artifactKey: Guid(d970922f1aa657c448a0761a9ee6420f) Importer(815301076,1909f56bfc062723c751e8b465ee728b)
Start importing Assets/Models/WildWestRevolver_0/WWGPistol_0_Prefs/WWGPistol_0.prefab using Guid(d970922f1aa657c448a0761a9ee6420f) Importer(815301076,1909f56bfc062723c751e8b465ee728b)  -> (artifact id: 'b465c3a9ad87d317bac889bd4997a907') in 0.443417 seconds 
========================================================================
Received Import Request.
  Time since last request: 3.119118 seconds.
  path: Assets/ComicArtUI
  artifactKey: Guid(a0545fd2091c479439f38d4a67386c2d) Importer(815301076,1909f56bfc062723c751e8b465ee728b)
Start importing Assets/ComicArtUI using Guid(a0545fd2091c479439f38d4a67386c2d) Importer(815301076,1909f56bfc062723c751e8b465ee728b)  -> (artifact id: 'da24550f8b491f09e65811400c2c7cfc') in 0.000929 seconds 
========================================================================
Received Import Request.
  Time since last request: 1.757374 seconds.
  path: Assets/ComicArtUI/Prefab
  artifactKey: Guid(d2e3b56b9b574504f9b71c2264d6cf09) Importer(815301076,1909f56bfc062723c751e8b465ee728b)
Start importing Assets/ComicArtUI/Prefab using Guid(d2e3b56b9b574504f9b71c2264d6cf09) Importer(815301076,1909f56bfc062723c751e8b465ee728b)  -> (artifact id: '074c8d5983eb77049d8638609d05c1c3') in 0.001101 seconds 
========================================================================
Received Import Request.
  Time since last request: 0.067714 seconds.
  path: Assets/ComicArtUI/Prefab/Game Manger (Canvas).prefab
  artifactKey: Guid(06dd7d0f284021b48abc7630253a6ab4) Importer(815301076,1909f56bfc062723c751e8b465ee728b)
Start importing Assets/ComicArtUI/Prefab/Game Manger (Canvas).prefab using Guid(06dd7d0f284021b48abc7630253a6ab4) Importer(815301076,1909f56bfc062723c751e8b465ee728b)  -> (artifact id: '9e7a89a43d18655a99e0ba06857bf3a3') in 0.040455 seconds 
========================================================================
Received Import Request.
  Time since last request: 6.103189 seconds.
  path: Assets/ComicArtUI/2DAsset
  artifactKey: Guid(995d17d0e181f2d42a2a7102b072ac75) Importer(815301076,1909f56bfc062723c751e8b465ee728b)
Start importing Assets/ComicArtUI/2DAsset using Guid(995d17d0e181f2d42a2a7102b072ac75) Importer(815301076,1909f56bfc062723c751e8b465ee728b)  -> (artifact id: '21aa6953232bb1cef7a224c1359c6142') in 0.000733 seconds 
========================================================================
Received Import Request.
  Time since last request: 0.725070 seconds.
  path: Assets/ComicArtUI/2DAsset/UI
  artifactKey: Guid(f685a6ec138423241afa7cf98426cb14) Importer(815301076,1909f56bfc062723c751e8b465ee728b)
Start importing Assets/ComicArtUI/2DAsset/UI using Guid(f685a6ec138423241afa7cf98426cb14) Importer(815301076,1909f56bfc062723c751e8b465ee728b)  -> (artifact id: 'c5d9d6e05538ec6be19dd5afe22a49bf') in 0.001311 seconds 
========================================================================
Received Import Request.
  Time since last request: 1.615615 seconds.
  path: Assets/ComicArtUI/2DAsset/UI/Component
  artifactKey: Guid(4192d72dfca319140874c59908513faf) Importer(815301076,1909f56bfc062723c751e8b465ee728b)
Start importing Assets/ComicArtUI/2DAsset/UI/Component using Guid(4192d72dfca319140874c59908513faf) Importer(815301076,1909f56bfc062723c751e8b465ee728b)  -> (artifact id: 'e3e48d8f0da8e0c6cb3bc49daaad25f8') in 0.000907 seconds 
========================================================================
Received Import Request.
  Time since last request: 0.071378 seconds.
  path: Assets/ComicArtUI/2DAsset/UI/Component/Button_1.png
  artifactKey: Guid(8a31ecfe95f96f04a8ae1c4fb23cf642) Importer(815301076,1909f56bfc062723c751e8b465ee728b)
Start importing Assets/ComicArtUI/2DAsset/UI/Component/Button_1.png using Guid(8a31ecfe95f96f04a8ae1c4fb23cf642) Importer(815301076,1909f56bfc062723c751e8b465ee728b)  -> (artifact id: '5cfd9af2b92ef58eaddaa8c70009c828') in 0.113211 seconds 
========================================================================
Received Import Request.
  Time since last request: 0.000041 seconds.
  path: Assets/ComicArtUI/2DAsset/UI/Component/Exclamation_Yellow.png
  artifactKey: Guid(daa35ba9173326345ae43dd94f9d7f6a) Importer(815301076,1909f56bfc062723c751e8b465ee728b)
Start importing Assets/ComicArtUI/2DAsset/UI/Component/Exclamation_Yellow.png using Guid(daa35ba9173326345ae43dd94f9d7f6a) Importer(815301076,1909f56bfc062723c751e8b465ee728b)  -> (artifact id: 'ff2c275e881c6ce882e5857f4b92f934') in 0.010916 seconds 
========================================================================
Received Import Request.
  Time since last request: 0.000038 seconds.
  path: Assets/ComicArtUI/2DAsset/UI/Component/Exclamation_Red.png
  artifactKey: Guid(62482130c380c974c9af54772bdfc583) Importer(815301076,1909f56bfc062723c751e8b465ee728b)
Start importing Assets/ComicArtUI/2DAsset/UI/Component/Exclamation_Red.png using Guid(62482130c380c974c9af54772bdfc583) Importer(815301076,1909f56bfc062723c751e8b465ee728b)  -> (artifact id: '4a9067417a7305f63701dd18344294d8') in 0.008981 seconds 
========================================================================
Received Import Request.
  Time since last request: 8.543535 seconds.
  path: Assets/ComicArtUI/2DAsset/UI/Characters/character_2.png
  artifactKey: Guid(583d8c75b95a8ef4fada856d33c3c8cc) Importer(815301076,1909f56bfc062723c751e8b465ee728b)
Start importing Assets/ComicArtUI/2DAsset/UI/Characters/character_2.png using Guid(583d8c75b95a8ef4fada856d33c3c8cc) Importer(815301076,1909f56bfc062723c751e8b465ee728b)  -> (artifact id: 'b0ad0993dff197dcdd26aa7fd0e96c9b') in 0.170921 seconds 
========================================================================
Received Import Request.
  Time since last request: 21.967148 seconds.
  path: Assets/ComicArtUI/2DAsset/UI/Background/bg2.png
  artifactKey: Guid(944c3620186c8d04e903164ba9b58dd6) Importer(815301076,1909f56bfc062723c751e8b465ee728b)
Start importing Assets/ComicArtUI/2DAsset/UI/Background/bg2.png using Guid(944c3620186c8d04e903164ba9b58dd6) Importer(815301076,1909f56bfc062723c751e8b465ee728b)  -> (artifact id: '35b02d1f01a56133c2edab080b0023a6') in 0.336893 seconds 
========================================================================
Received Import Request.
  Time since last request: 0.000200 seconds.
  path: Assets/ComicArtUI/2DAsset/UI/Background/vs.png
  artifactKey: Guid(43f9bc378340c7a488e725d03883eaf5) Importer(815301076,1909f56bfc062723c751e8b465ee728b)
Start importing Assets/ComicArtUI/2DAsset/UI/Background/vs.png using Guid(43f9bc378340c7a488e725d03883eaf5) Importer(815301076,1909f56bfc062723c751e8b465ee728b)  -> (artifact id: 'ca2d1128cb52299b725b81baefc1f5c0') in 0.223047 seconds 
Editor requested this worker to shutdown with reason: Scaling down because of idle timeout
AssetImportWorker is now disconnected from the server
Process exiting
