Unity Editor version:    2021.3.9f1 (ad3870b89536)
Branch:                  2021.3/staging
Build type:              Release
Batch mode:              YES
macOS version:           Version 13.3 (Build 22E252)
Darwin version:          22.4.0
Architecture:            arm64
Running under Rosetta:   NO
Available memory:        8192 MB
Using pre-set license
Pro License: YES

COMMAND LINE ARGUMENTS:
/Applications/Unity/Hub/Editor/2021.3.9f1/Unity.app/Contents/MacOS/Unity
-adb2
-batchMode
-noUpm
-name
AssetImportWorker4
-projectPath
/Users/muhammadalisafdar/Documents/M.A.S/GitHub/elgato777/elgato777
-logFile
Logs/AssetImportWorker4.log
-srvPort
54588
Successfully changed project path to: /Users/muhammadalisafdar/Documents/M.A.S/GitHub/elgato777/elgato777
/Users/muhammadalisafdar/Documents/M.A.S/GitHub/elgato777/elgato777
[UnityMemory] Configuration Parameters - Can be set up in boot.config
    "memorysetup-bucket-allocator-granularity=16"
    "memorysetup-bucket-allocator-bucket-count=8"
    "memorysetup-bucket-allocator-block-size=33554432"
    "memorysetup-bucket-allocator-block-count=8"
    "memorysetup-main-allocator-block-size=16777216"
    "memorysetup-thread-allocator-block-size=16777216"
    "memorysetup-gfx-main-allocator-block-size=16777216"
    "memorysetup-gfx-thread-allocator-block-size=16777216"
    "memorysetup-cache-allocator-block-size=4194304"
    "memorysetup-typetree-allocator-block-size=2097152"
    "memorysetup-profiler-bucket-allocator-granularity=16"
    "memorysetup-profiler-bucket-allocator-bucket-count=8"
    "memorysetup-profiler-bucket-allocator-block-size=33554432"
    "memorysetup-profiler-bucket-allocator-block-count=8"
    "memorysetup-profiler-allocator-block-size=16777216"
    "memorysetup-profiler-editor-allocator-block-size=1048576"
    "memorysetup-temp-allocator-size-main=16777216"
    "memorysetup-job-temp-allocator-block-size=2097152"
    "memorysetup-job-temp-allocator-block-size-background=1048576"
    "memorysetup-job-temp-allocator-reduction-small-platforms=262144"
    "memorysetup-temp-allocator-size-background-worker=32768"
    "memorysetup-temp-allocator-size-job-worker=262144"
    "memorysetup-temp-allocator-size-preload-manager=33554432"
    "memorysetup-temp-allocator-size-nav-mesh-worker=65536"
    "memorysetup-temp-allocator-size-audio-worker=65536"
    "memorysetup-temp-allocator-size-cloud-worker=32768"
    "memorysetup-temp-allocator-size-gi-baking-worker=262144"
    "memorysetup-temp-allocator-size-gfx=262144"
Refreshing native plugins compatible for Editor in 90.47 ms, found 2 plugins.
Preloading 0 native plugins for Editor in 0.00 ms.
Initialize engine version: 2021.3.9f1 (ad3870b89536)
[Subsystems] Discovering subsystems at path /Applications/Unity/Hub/Editor/2021.3.9f1/Unity.app/Contents/Resources/UnitySubsystems
[Subsystems] Discovering subsystems at path /Users/muhammadalisafdar/Documents/M.A.S/GitHub/elgato777/elgato777/Assets
GfxDevice: creating device client; threaded=0; jobified=0
 preferred device: Apple M1 (high power)
Metal devices available: 1
0: Apple M1 (high power)
Forcing user selected device: Apple M1 (high power)
Initializing Metal device caps: Apple M1
Initialize mono
Mono path[0] = '/Applications/Unity/Hub/Editor/2021.3.9f1/Unity.app/Contents/Managed'
Mono path[1] = '/Applications/Unity/Hub/Editor/2021.3.9f1/Unity.app/Contents/MonoBleedingEdge/lib/mono/unityjit-macos'
Mono config path = '/Applications/Unity/Hub/Editor/2021.3.9f1/Unity.app/Contents/MonoBleedingEdge/etc'
Using monoOptions --debugger-agent=transport=dt_socket,embedding=1,server=y,suspend=n,address=127.0.0.1:56904
Begin MonoManager ReloadAssembly
Registering precompiled unity dll's ...
Register platform support module: /Applications/Unity/Hub/Editor/2021.3.9f1/Unity.app/Contents/PlaybackEngines/MacStandaloneSupport/UnityEditor.OSXStandalone.Extensions.dll
Registered in 0.001167 seconds.
Native extension for OSXStandalone target not found
Refreshing native plugins compatible for Editor in 100.32 ms, found 2 plugins.
Preloading 0 native plugins for Editor in 0.00 ms.
Mono: successfully reloaded assembly
- Completed reload, in  0.599 seconds
Domain Reload Profiling:
	ReloadAssembly (599ms)
		BeginReloadAssembly (54ms)
			ExecutionOrderSort (0ms)
			DisableScriptedObjects (0ms)
			BackupInstance (0ms)
			ReleaseScriptingObjects (0ms)
			CreateAndSetChildDomain (1ms)
		EndReloadAssembly (453ms)
			LoadAssemblies (53ms)
			RebuildTransferFunctionScriptingTraits (0ms)
			SetupTypeCache (102ms)
			ReleaseScriptCaches (0ms)
			RebuildScriptCaches (33ms)
			SetupLoadedEditorAssemblies (284ms)
				LogAssemblyErrors (0ms)
				InitializePlatformSupportModulesInManaged (4ms)
				SetLoadedEditorAssemblies (0ms)
				RefreshPlugins (100ms)
				BeforeProcessingInitializeOnLoad (1ms)
				ProcessInitializeOnLoadAttributes (137ms)
				ProcessInitializeOnLoadMethodAttributes (42ms)
				AfterProcessingInitializeOnLoad (0ms)
				EditorAssembliesLoaded (0ms)
			ExecutionOrderSort2 (0ms)
			AwakeInstancesAfterBackupRestoration (0ms)
Platform modules already initialized, skipping
Registering precompiled user dll's ...
Registered in 0.001907 seconds.
Begin MonoManager ReloadAssembly
Symbol file LoadedFromMemory doesn't match image /Users/muhammadalisafdar/Documents/M.A.S/GitHub/elgato777/elgato777/Library/PackageCache/com.unity.visualscripting@1.7.8/Editor/VisualScripting.Core/Dependencies/YamlDotNet/Unity.VisualScripting.YamlDotNet.dll
Symbol file LoadedFromMemory doesn't match image /Users/muhammadalisafdar/Documents/M.A.S/GitHub/elgato777/elgato777/Library/PackageCache/com.unity.visualscripting@1.7.8/Editor/VisualScripting.Core/Dependencies/DotNetZip/Unity.VisualScripting.IonicZip.dll
Native extension for OSXStandalone target not found
Refreshing native plugins compatible for Editor in 1.39 ms, found 2 plugins.
Preloading 0 native plugins for Editor in 0.00 ms.
Mono: successfully reloaded assembly
- Completed reload, in  1.159 seconds
Domain Reload Profiling:
	ReloadAssembly (1160ms)
		BeginReloadAssembly (168ms)
			ExecutionOrderSort (0ms)
			DisableScriptedObjects (6ms)
			BackupInstance (0ms)
			ReleaseScriptingObjects (0ms)
			CreateAndSetChildDomain (63ms)
		EndReloadAssembly (859ms)
			LoadAssemblies (89ms)
			RebuildTransferFunctionScriptingTraits (0ms)
			SetupTypeCache (316ms)
			ReleaseScriptCaches (1ms)
			RebuildScriptCaches (48ms)
			SetupLoadedEditorAssemblies (401ms)
				LogAssemblyErrors (0ms)
				InitializePlatformSupportModulesInManaged (2ms)
				SetLoadedEditorAssemblies (0ms)
				RefreshPlugins (1ms)
				BeforeProcessingInitializeOnLoad (115ms)
				ProcessInitializeOnLoadAttributes (253ms)
				ProcessInitializeOnLoadMethodAttributes (27ms)
				AfterProcessingInitializeOnLoad (1ms)
				EditorAssembliesLoaded (0ms)
			ExecutionOrderSort2 (0ms)
			AwakeInstancesAfterBackupRestoration (3ms)
Platform modules already initialized, skipping
========================================================================
Worker process is ready to serve import requests
Launching external process: /Applications/Unity/Hub/Editor/2021.3.9f1/Unity.app/Contents/Tools/UnityShaderCompiler
Launched and connected shader compiler UnityShaderCompiler after 0.16 seconds
Refreshing native plugins compatible for Editor in 1.52 ms, found 2 plugins.
Preloading 0 native plugins for Editor in 0.00 ms.
Unloading 3380 Unused Serialized files (Serialized files now loaded: 0)
Unloading 27 unused Assets / (82.8 KB). Loaded Objects now: 3837.
Memory consumption went from 31.1 MB to 31.0 MB.
Total: 4.073417 ms (FindLiveObjects: 0.176083 ms CreateObjectMapping: 0.060125 ms MarkObjects: 3.688709 ms  DeleteObjects: 0.147750 ms)

AssetImportParameters requested are different than current active one (requested -> active):
  custom:video-decoder-ogg-theora: a1e56fd34408186e4bbccfd4996cb3dc -> 
  custom:container-muxer-webm: aa71ff27fc2769a1b78a27578f13a17b -> 
  custom:container-demuxer-webm: 4f35f7cbe854078d1ac9338744f61a02 -> 
  custom:video-encoder-webm-vp8: eb34c28f22e8b96e1ab97ce403110664 -> 
  custom:framework-osx-AVFoundation: e770b220cccbd017edd2c1fefb359320 -> 
  custom:audio-encoder-webm-vorbis: bf7c407c2cedff20999df2af8eb42d56 -> 
  custom:container-demuxer-ogg: 62fdf1f143b41e24485cea50d1cbac27 -> 
  custom:video-decoder-webm-vp8: 9c59270c3fd7afecdb556c50c9e8de78 -> 
  custom:audio-decoder-ogg-vorbis: bf7c407c2cedff20999df2af8eb42d56 -> 
========================================================================
Received Import Request.
  Time since last request: 32195.563842 seconds.
  path: Assets/Wild West Western/Models/House_Standard_02.fbx
  artifactKey: Guid(2317b0c733b0c584f82e86d22697b6c3) Importer(815301076,1909f56bfc062723c751e8b465ee728b)
Start importing Assets/Wild West Western/Models/House_Standard_02.fbx using Guid(2317b0c733b0c584f82e86d22697b6c3) Importer(815301076,1909f56bfc062723c751e8b465ee728b)  -> (artifact id: '8af1099d2d56cb1960c3e2452e0fabd7') in 1.016275 seconds 
========================================================================
Received Import Request.
  Time since last request: 0.000156 seconds.
  path: Assets/Wild West Western/Models/Tombstone_04.fbx
  artifactKey: Guid(1e721ca9980992e4b9616d9620067cbd) Importer(815301076,1909f56bfc062723c751e8b465ee728b)
Start importing Assets/Wild West Western/Models/Tombstone_04.fbx using Guid(1e721ca9980992e4b9616d9620067cbd) Importer(815301076,1909f56bfc062723c751e8b465ee728b)  -> (artifact id: '364d1edee5fba2342144e8e7578933b3') in 0.022937 seconds 
========================================================================
Received Import Request.
  Time since last request: 1.048360 seconds.
  path: Assets/Wild West Western/Models/Materials
  artifactKey: Guid(d2406b5dadfca494b9f85cd9573815c1) Importer(815301076,1909f56bfc062723c751e8b465ee728b)
Start importing Assets/Wild West Western/Models/Materials using Guid(d2406b5dadfca494b9f85cd9573815c1) Importer(815301076,1909f56bfc062723c751e8b465ee728b)  -> (artifact id: 'a2e21698b5824b2c0a10fa17a78d994f') in 0.000574 seconds 
========================================================================
Received Import Request.
  Time since last request: 0.084490 seconds.
  path: Assets/Wild West Western/Models/Materials/Bank.mat
  artifactKey: Guid(aadae3d8661ea9946a2af6f0330961ef) Importer(815301076,1909f56bfc062723c751e8b465ee728b)
Start importing Assets/Wild West Western/Models/Materials/Bank.mat using Guid(aadae3d8661ea9946a2af6f0330961ef) Importer(815301076,1909f56bfc062723c751e8b465ee728b)  -> (artifact id: '1bb342258a2214e0df538217436e300e') in 0.153058 seconds 
========================================================================
Received Import Request.
  Time since last request: 0.009090 seconds.
  path: Assets/Wild West Western/Models/Materials/Mine.mat
  artifactKey: Guid(e783501c912e2104da341d6b9e9dd689) Importer(815301076,1909f56bfc062723c751e8b465ee728b)
Start importing Assets/Wild West Western/Models/Materials/Mine.mat using Guid(e783501c912e2104da341d6b9e9dd689) Importer(815301076,1909f56bfc062723c751e8b465ee728b)  -> (artifact id: '18a09242844fa41d08362ce8d6b63fac') in 0.017299 seconds 
========================================================================
Received Import Request.
  Time since last request: 0.000070 seconds.
  path: Assets/Wild West Western/Models/Materials/Western_Wagon.mat
  artifactKey: Guid(d4c6a0dc66d4e7b47a0c3e4264d64929) Importer(815301076,1909f56bfc062723c751e8b465ee728b)
Start importing Assets/Wild West Western/Models/Materials/Western_Wagon.mat using Guid(d4c6a0dc66d4e7b47a0c3e4264d64929) Importer(815301076,1909f56bfc062723c751e8b465ee728b)  -> (artifact id: '9fffbc75524cdae20462163377665a46') in 0.007690 seconds 
========================================================================
Received Import Request.
  Time since last request: 0.000077 seconds.
  path: Assets/Wild West Western/Models/Materials/House_Standard_02.mat
  artifactKey: Guid(572087e059ebdfc489dd2ff167dbeee2) Importer(815301076,1909f56bfc062723c751e8b465ee728b)
Start importing Assets/Wild West Western/Models/Materials/House_Standard_02.mat using Guid(572087e059ebdfc489dd2ff167dbeee2) Importer(815301076,1909f56bfc062723c751e8b465ee728b)  -> (artifact id: 'a9bd8e0f8098c8a22fe1083a50a85650') in 0.007511 seconds 
========================================================================
Received Import Request.
  Time since last request: 0.001094 seconds.
  path: Assets/Wild West Western/Models/Materials/House_Standard_03.mat
  artifactKey: Guid(9dba59cd0a87b854282679e51051f163) Importer(815301076,1909f56bfc062723c751e8b465ee728b)
Start importing Assets/Wild West Western/Models/Materials/House_Standard_03.mat using Guid(9dba59cd0a87b854282679e51051f163) Importer(815301076,1909f56bfc062723c751e8b465ee728b)  -> (artifact id: 'c2aa1cf3921bea487130465a3c4eaadc') in 0.006596 seconds 
========================================================================
Received Import Request.
  Time since last request: 0.000437 seconds.
  path: Assets/Wild West Western/Models/Materials/Tombstone.mat
  artifactKey: Guid(a3a806132b3bb6f48a3b1f3f9ef31100) Importer(815301076,1909f56bfc062723c751e8b465ee728b)
Start importing Assets/Wild West Western/Models/Materials/Tombstone.mat using Guid(a3a806132b3bb6f48a3b1f3f9ef31100) Importer(815301076,1909f56bfc062723c751e8b465ee728b)  -> (artifact id: '575ec15b7afa9e5fccec2aa48f4d9555') in 0.006577 seconds 
Editor requested this worker to shutdown with reason: Scaling down because of idle timeout
AssetImportWorker is now disconnected from the server
Process exiting
